{"obj": {"type": "AssignString", "path": ["sys", "name"], "value": "Untitled"}, "version": 1}
{"obj": {"type": "AssignString", "path": ["sys", "description"], "value": ""}, "version": 2}
{"obj": {"type": "AssignString", "path": ["sys", "hostname"], "value": "Dell7920"}, "version": 3}
{"obj": {"type": "AddStrings", "path": ["sys", "tags"], "values": ["object_segment"]}, "version": 4}
{"obj": {"type": "AssignBool", "path": ["sys", "failed"], "value": false}, "version": 5}
{"obj": {"type": "ClearStringLog", "path": ["monitoring", "stdout"]}, "version": 6}
{"obj": {"type": "ClearStringLog", "path": ["monitoring", "stderr"]}, "version": 7}
{"obj": {"type": "AssignString", "path": ["source_code", "entrypoint"], "value": "train.py"}, "version": 8}
{"obj": {"type": "UploadFileSet", "path": ["source_code", "files"], "file_globs": ["/workspace/ailab/NAFNet/basicsr/train.py"], "reset": "False"}, "version": 9}
{"obj": {"type": "ConfigFloatSeries", "path": ["monitoring", "cpu"], "min": 0.0, "max": 100.0, "unit": "%"}, "version": 10}
{"obj": {"type": "ClearFloatLog", "path": ["monitoring", "cpu"]}, "version": 11}
{"obj": {"type": "ConfigFloatSeries", "path": ["monitoring", "memory"], "min": 0.0, "max": 31.013423919677734, "unit": "GB"}, "version": 12}
{"obj": {"type": "ClearFloatLog", "path": ["monitoring", "memory"]}, "version": 13}
{"obj": {"type": "ConfigFloatSeries", "path": ["monitoring", "gpu"], "min": 0.0, "max": 100.0, "unit": "%"}, "version": 14}
{"obj": {"type": "ClearFloatLog", "path": ["monitoring", "gpu"]}, "version": 15}
{"obj": {"type": "ConfigFloatSeries", "path": ["monitoring", "gpu_memory"], "min": 0.0, "max": 15.73175048828125, "unit": "GB"}, "version": 16}
{"obj": {"type": "ClearFloatLog", "path": ["monitoring", "gpu_memory"]}, "version": 17}
{"obj": {"type": "LogStrings", "path": ["monitoring", "stdout"], "values": [{"value": "!!!!!! resume state .. ", "step": null, "ts": 1678357884.270616}]}, "version": 18}
{"obj": {"type": "LogStrings", "path": ["monitoring", "stdout"], "values": [{"value": " ", "step": null, "ts": 1678357884.2747931}]}, "version": 19}
{"obj": {"type": "LogStrings", "path": ["monitoring", "stdout"], "values": [{"value": "['130000.state', '140000.state', '125000.state', '175000.state', '90000.state', '20000.state', '180000.state', '25000.state', '120000.state', '35000.state', '40000.state', '100000.state', '85000.state', '30000.state', '55000.state', '145000.state', '50000.state', '80000.state', '115000.state', '195000.state', '185000.state', '60000.state', '5000.state', '160000.state', '190000.state', '135000.state', '70000.state', '110000.state', '65000.state', '45000.state', '75000.state', '155000.state', '95000.state', '170000.state', '10000.state', '165000.state', '105000.state', '200000.state', '150000.state', '15000.state']", "step": null, "ts": 1678357884.275064}]}, "version": 20}
{"obj": {"type": "LogStrings", "path": ["monitoring", "stdout"], "values": [{"value": " ", "step": null, "ts": 1678357884.2752373}]}, "version": 21}
{"obj": {"type": "LogStrings", "path": ["monitoring", "stdout"], "values": [{"value": "experiments/NAFNet-GoPro-width32/training_states/", "step": null, "ts": 1678357884.2753823}]}, "version": 22}
{"obj": {"type": "LogStrings", "path": ["monitoring", "stdout"], "values": [{"value": "\n", "step": null, "ts": 1678357884.275519}]}, "version": 23}
{"obj": {"type": "LogFloats", "path": ["monitoring", "cpu"], "values": [{"value": 10.0, "step": null, "ts": 1678357884.2631373}]}, "version": 24}
{"obj": {"type": "LogFloats", "path": ["monitoring", "memory"], "values": [{"value": 2.916095733642578, "step": null, "ts": 1678357884.2631373}]}, "version": 25}
{"obj": {"type": "LogFloats", "path": ["monitoring", "gpu"], "values": [{"value": 3.0, "step": null, "ts": 1678357884.2631373}]}, "version": 26}
{"obj": {"type": "LogFloats", "path": ["monitoring", "gpu_memory"], "values": [{"value": 0.7481689453125, "step": null, "ts": 1678357884.2631373}]}, "version": 27}
{"obj": {"type": "LogStrings", "path": ["monitoring", "stderr"], "values": [{"value": "2023-03-09 17:31:26,885 INFO: \n                ____                _       _____  ____\n               / __ ) ____ _ _____ (_)_____/ ___/ / __ \\\n              / __  |/ __ `// ___// // ___/\\__ \\ / /_/ /\n             / /_/ // /_/ /(__  )/ // /__ ___/ // _, _/\n            /_____/ \\__,_//____//_/ \\___//____//_/ |_|\n     ______                   __   __                 __      __\n    / ____/____   ____   ____/ /  / /   __  __ _____ / /__   / /\n   / / __ / __ \\ / __ \\ / __  /  / /   / / / // ___// //_/  / /\n  / /_/ // /_/ // /_/ // /_/ /  / /___/ /_/ // /__ / /<    /_/\n  \\____/ \\____/ \\____/ \\____/  /_____/\\____/ \\___//_/|_|  (_)\n    \nVersion Information: \n\tBasicSR: 1.2.0+dee3eba\n\tPyTorch: 1.12.1\n\tTorchVision: 0.13.1\n", "step": null, "ts": 1678357886.8863964}]}, "version": 28}
{"obj": {"type": "LogStrings", "path": ["monitoring", "stderr"], "values": [{"value": "2023-03-09 17:31:26,886 INFO: \n  name: NAFNet-GoPro-width32\n  model_type: ImageRestorationModel\n  scale: 1\n  num_gpu: 1\n  manual_seed: 42\n  datasets:[\n    train:[\n      name: gopro-train\n      type: PairedImageDataset\n      dataroot_gt: ./datasets/GoPro/train/sharp_crops.lmdb\n      dataroot_lq: ./datasets/GoPro/train/blur_crops.lmdb\n      filename_tmpl: {}\n      io_backend:[\n        type: lmdb\n      ]\n      gt_size: 256\n      use_flip: True\n      use_rot: True\n      use_shuffle: True\n      num_worker_per_gpu: 4\n      batch_size_per_gpu: 8\n      dataset_enlarge_ratio: 1\n      prefetch_mode: None\n      phase: train\n      scale: 1\n    ]\n    val:[\n      name: gopro-test\n      type: PairedImageDataset\n      dataroot_gt: ./datasets/GoPro/test/target.lmdb\n      dataroot_lq: ./datasets/GoPro/test/input.lmdb\n      io_backend:[\n        type: lmdb\n      ]\n      phase: val\n      scale: 1\n    ]\n  ]\n  network_g:[\n    type: NAFNetLocal\n    width: 32\n    enc_blk_nums: [1, 1, 1, 28]\n    middle_blk_num:", "step": null, "ts": 1678357886.8872259}]}, "version": 29}
{"obj": {"type": "LogStrings", "path": ["monitoring", "stdout"], "values": [{"value": "Warning: string series 'monitoring/stderr' value was longer than 1000 characters and was truncated. This warning is printed only once per series.\n", "step": null, "ts": 1678357886.8877852}]}, "version": 30}
{"obj": {"type": "LogStrings", "path": ["monitoring", "stderr"], "values": [{"value": "2023-03-09 17:31:27,106 INFO: Dataset PairedImageDataset - gopro-train is created.\n", "step": null, "ts": 1678357887.1077824}]}, "version": 31}
{"obj": {"type": "LogStrings", "path": ["monitoring", "stderr"], "values": [{"value": "2023-03-09 17:31:27,107 INFO: Training statistics:\n\tNumber of train images: 16824\n\tDataset enlarge ratio: 1\n\tBatch size per gpu: 8\n\tWorld size (gpu number): 1\n\tRequire iter number per epoch: 2103\n\tTotal epochs: 96; iters: 200000.\n", "step": null, "ts": 1678357887.1082795}]}, "version": 32}
{"obj": {"type": "LogStrings", "path": ["monitoring", "stderr"], "values": [{"value": "2023-03-09 17:31:27,111 INFO: Dataset PairedImageDataset - gopro-test is created.\n", "step": null, "ts": 1678357887.1116908}]}, "version": 33}
{"obj": {"type": "LogStrings", "path": ["monitoring", "stderr"], "values": [{"value": "2023-03-09 17:31:27,111 INFO: Number of val images/folders in gopro-test: 1111\n", "step": null, "ts": 1678357887.1169183}]}, "version": 34}
{"obj": {"type": "LogStrings", "path": ["monitoring", "stderr"], "values": [{"value": "2023-03-09 17:31:29,766 INFO: [DetectionCheckpointer] Loading from https://dl.fbaipublicfiles.com/detectron2/COCO-InstanceSegmentation/mask_rcnn_R_50_FPN_3x/137849600/model_final_f10217.pkl ...\n", "step": null, "ts": 1678357889.7669249}]}, "version": 35}
{"obj": {"type": "LogStrings", "path": ["monitoring", "stderr"], "values": [{"value": "2023-03-09 17:31:29,767 INFO: URL https://dl.fbaipublicfiles.com/detectron2/COCO-InstanceSegmentation/mask_rcnn_R_50_FPN_3x/137849600/model_final_f10217.pkl cached in /home/ailab/.torch/iopath_cache/detectron2/COCO-InstanceSegmentation/mask_rcnn_R_50_FPN_3x/137849600/model_final_f10217.pkl\n", "step": null, "ts": 1678357889.7685614}]}, "version": 36}
{"obj": {"type": "LogStrings", "path": ["monitoring", "stderr"], "values": [{"value": "2023-03-09 17:31:29,768 INFO: [Checkpointer] Loading from /home/ailab/.torch/iopath_cache/detectron2/COCO-InstanceSegmentation/mask_rcnn_R_50_FPN_3x/137849600/model_final_f10217.pkl ...\n", "step": null, "ts": 1678357889.7692327}]}, "version": 37}
{"obj": {"type": "LogStrings", "path": ["monitoring", "stderr"], "values": [{"value": "2023-03-09 17:31:29,953 INFO: Reading a file from 'Detectron2 Model Zoo'\n", "step": null, "ts": 1678357889.9544318}]}, "version": 38}
{"obj": {"type": "LogStrings", "path": ["monitoring", "stderr"], "values": [{"value": "/home/ailab/miniconda3/envs/py37/lib/python3.7/site-packages/torch/functional.py:478: UserWarning: torch.meshgrid: in an upcoming release, it will be required to pass the indexing argument. (Triggered internally at  /opt/conda/conda-bld/pytorch_1659484809535/work/aten/src/ATen/native/TensorShape.cpp:2894.)\n  return _VF.meshgrid(tensors, **kwargs)  # type: ignore[attr-defined]\n", "step": null, "ts": 1678357894.9724298}]}, "version": 39}
{"obj": {"type": "LogStrings", "path": ["monitoring", "stderr"], "values": [{"value": "2023-03-09 17:31:35,308 INFO: Network: DistributedDataParallel - NAFNetLocal, with parameters: 17,111,907\n", "step": null, "ts": 1678357895.3116255}]}, "version": 40}
{"obj": {"type": "LogStrings", "path": ["monitoring", "stdout"], "values": [{"value": "..", "step": null, "ts": 1678357895.3171136}]}, "version": 41}
{"obj": {"type": "LogStrings", "path": ["monitoring", "stderr"], "values": [{"value": "2023-03-09 17:31:35,316 INFO: Model [ImageRestorationModel] is created.\n", "step": null, "ts": 1678357895.3182552}]}, "version": 42}
{"obj": {"type": "LogStrings", "path": ["monitoring", "stdout"], "values": [{"value": " ", "step": null, "ts": 1678357895.3193848}]}, "version": 43}
{"obj": {"type": "LogStrings", "path": ["monitoring", "stdout"], "values": [{"value": "cosineannealingLR", "step": null, "ts": 1678357895.31993}]}, "version": 44}
{"obj": {"type": "LogStrings", "path": ["monitoring", "stdout"], "values": [{"value": "\n", "step": null, "ts": 1678357895.3205342}]}, "version": 45}
{"obj": {"type": "LogFloats", "path": ["monitoring", "cpu"], "values": [{"value": 32.8, "step": null, "ts": 1678357896.372971}]}, "version": 46}
{"obj": {"type": "LogFloats", "path": ["monitoring", "memory"], "values": [{"value": 6.049400329589844, "step": null, "ts": 1678357896.372971}]}, "version": 47}
{"obj": {"type": "LogFloats", "path": ["monitoring", "gpu_memory"], "values": [{"value": 4.13677978515625, "step": null, "ts": 1678357896.372971}]}, "version": 48}
{"obj": {"type": "LogFloats", "path": ["monitoring", "cpu"], "values": [{"value": 24.1, "step": null, "ts": 1678357906.3768065}]}, "version": 49}
{"obj": {"type": "LogFloats", "path": ["monitoring", "memory"], "values": [{"value": 6.663215637207031, "step": null, "ts": 1678357906.3768065}]}, "version": 50}
{"obj": {"type": "LogFloats", "path": ["monitoring", "gpu_memory"], "values": [{"value": 4.117919921875, "step": null, "ts": 1678357906.3768065}]}, "version": 51}
{"obj": {"type": "LogStrings", "path": ["monitoring", "stderr"], "values": [{"value": "2023-03-09 17:31:47,984 INFO: Start training from epoch: 0, iter: 0\n", "step": null, "ts": 1678357907.9866226}]}, "version": 52}
{"obj": {"type": "LogStrings", "path": ["monitoring", "stdout"], "values": [{"value": "current_iter", "step": null, "ts": 1678357909.0820043}]}, "version": 53}
{"obj": {"type": "LogStrings", "path": ["monitoring", "stdout"], "values": [{"value": " ", "step": null, "ts": 1678357909.0829377}]}, "version": 54}
{"obj": {"type": "LogStrings", "path": ["monitoring", "stdout"], "values": [{"value": "0", "step": null, "ts": 1678357909.0836592}]}, "version": 55}
{"obj": {"type": "LogStrings", "path": ["monitoring", "stdout"], "values": [{"value": "\n", "step": null, "ts": 1678357909.0862548}]}, "version": 56}
{"obj": {"type": "LogStrings", "path": ["monitoring", "stderr"], "values": [{"value": "2023-03-09 17:31:50,629 INFO: [DetectionCheckpointer] Loading from https://dl.fbaipublicfiles.com/detectron2/COCO-InstanceSegmentation/mask_rcnn_R_50_FPN_3x/137849600/model_final_f10217.pkl ...\n", "step": null, "ts": 1678357910.6302733}]}, "version": 57}
{"obj": {"type": "LogStrings", "path": ["monitoring", "stderr"], "values": [{"value": "2023-03-09 17:31:50,629 INFO: [Checkpointer] Loading from /home/ailab/.torch/iopath_cache/detectron2/COCO-InstanceSegmentation/mask_rcnn_R_50_FPN_3x/137849600/model_final_f10217.pkl ...\n", "step": null, "ts": 1678357910.6309943}]}, "version": 58}
{"obj": {"type": "LogStrings", "path": ["monitoring", "stderr"], "values": [{"value": "2023-03-09 17:31:50,820 INFO: Reading a file from 'Detectron2 Model Zoo'\n", "step": null, "ts": 1678357910.8222723}]}, "version": 59}
{"obj": {"type": "LogStrings", "path": ["monitoring", "stdout"], "values": [{"value": "bingo have instances", "step": null, "ts": 1678357911.3502438}]}, "version": 60}
{"obj": {"type": "LogStrings", "path": ["monitoring", "stdout"], "values": [{"value": "\n", "step": null, "ts": 1678357911.3509247}]}, "version": 61}
{"obj": {"type": "LogStrings", "path": ["monitoring", "stdout"], "values": [{"value": "bingo have instances", "step": null, "ts": 1678357911.3514903}]}, "version": 62}
{"obj": {"type": "LogStrings", "path": ["monitoring", "stdout"], "values": [{"value": "\n", "step": null, "ts": 1678357911.351961}]}, "version": 63}
{"obj": {"type": "LogStrings", "path": ["monitoring", "stdout"], "values": [{"value": "current_iter", "step": null, "ts": 1678357912.673561}]}, "version": 64}
{"obj": {"type": "LogStrings", "path": ["monitoring", "stdout"], "values": [{"value": " ", "step": null, "ts": 1678357912.6741095}]}, "version": 65}
{"obj": {"type": "LogStrings", "path": ["monitoring", "stdout"], "values": [{"value": "1", "step": null, "ts": 1678357912.6744478}]}, "version": 66}
{"obj": {"type": "LogStrings", "path": ["monitoring", "stdout"], "values": [{"value": "\n", "step": null, "ts": 1678357912.6747513}]}, "version": 67}
{"obj": {"type": "LogStrings", "path": ["monitoring", "stderr"], "values": [{"value": "2023-03-09 17:31:52,688 INFO: Reducer buckets have been rebuilt in this iteration.\n", "step": null, "ts": 1678357912.689418}]}, "version": 68}
{"obj": {"type": "LogStrings", "path": ["monitoring", "stderr"], "values": [{"value": "2023-03-09 17:31:53,905 INFO: [DetectionCheckpointer] Loading from https://dl.fbaipublicfiles.com/detectron2/COCO-InstanceSegmentation/mask_rcnn_R_50_FPN_3x/137849600/model_final_f10217.pkl ...\n", "step": null, "ts": 1678357913.9062397}]}, "version": 69}
{"obj": {"type": "LogStrings", "path": ["monitoring", "stderr"], "values": [{"value": "2023-03-09 17:31:53,905 INFO: [Checkpointer] Loading from /home/ailab/.torch/iopath_cache/detectron2/COCO-InstanceSegmentation/mask_rcnn_R_50_FPN_3x/137849600/model_final_f10217.pkl ...\n", "step": null, "ts": 1678357913.9072258}]}, "version": 70}
{"obj": {"type": "LogStrings", "path": ["monitoring", "stderr"], "values": [{"value": "2023-03-09 17:31:54,095 INFO: Reading a file from 'Detectron2 Model Zoo'\n", "step": null, "ts": 1678357914.0966277}]}, "version": 71}
{"obj": {"type": "LogStrings", "path": ["monitoring", "stdout"], "values": [{"value": "bingo have instances", "step": null, "ts": 1678357914.2959037}]}, "version": 72}
{"obj": {"type": "LogStrings", "path": ["monitoring", "stdout"], "values": [{"value": "\n", "step": null, "ts": 1678357914.2964725}]}, "version": 73}
{"obj": {"type": "LogStrings", "path": ["monitoring", "stdout"], "values": [{"value": "bingo have instances", "step": null, "ts": 1678357914.2969105}]}, "version": 74}
{"obj": {"type": "LogStrings", "path": ["monitoring", "stdout"], "values": [{"value": "\n", "step": null, "ts": 1678357914.298318}]}, "version": 75}
{"obj": {"type": "LogStrings", "path": ["monitoring", "stdout"], "values": [{"value": "bingo have instances", "step": null, "ts": 1678357914.2987056}]}, "version": 76}
{"obj": {"type": "LogStrings", "path": ["monitoring", "stdout"], "values": [{"value": "\n", "step": null, "ts": 1678357914.299847}]}, "version": 77}
{"obj": {"type": "LogStrings", "path": ["monitoring", "stdout"], "values": [{"value": "current_iter", "step": null, "ts": 1678357914.700513}]}, "version": 78}
{"obj": {"type": "LogStrings", "path": ["monitoring", "stdout"], "values": [{"value": " ", "step": null, "ts": 1678357914.701122}]}, "version": 79}
{"obj": {"type": "LogStrings", "path": ["monitoring", "stdout"], "values": [{"value": "2", "step": null, "ts": 1678357914.7014809}]}, "version": 80}
{"obj": {"type": "LogStrings", "path": ["monitoring", "stdout"], "values": [{"value": "\n", "step": null, "ts": 1678357914.7017896}]}, "version": 81}
{"obj": {"type": "LogStrings", "path": ["monitoring", "stderr"], "values": [{"value": "2023-03-09 17:31:55,874 INFO: [DetectionCheckpointer] Loading from https://dl.fbaipublicfiles.com/detectron2/COCO-InstanceSegmentation/mask_rcnn_R_50_FPN_3x/137849600/model_final_f10217.pkl ...\n", "step": null, "ts": 1678357915.8753684}]}, "version": 82}
{"obj": {"type": "LogStrings", "path": ["monitoring", "stderr"], "values": [{"value": "2023-03-09 17:31:55,874 INFO: [Checkpointer] Loading from /home/ailab/.torch/iopath_cache/detectron2/COCO-InstanceSegmentation/mask_rcnn_R_50_FPN_3x/137849600/model_final_f10217.pkl ...\n", "step": null, "ts": 1678357915.8761005}]}, "version": 83}
{"obj": {"type": "LogStrings", "path": ["monitoring", "stderr"], "values": [{"value": "2023-03-09 17:31:56,054 INFO: Reading a file from 'Detectron2 Model Zoo'\n", "step": null, "ts": 1678357916.0562394}]}, "version": 84}
{"obj": {"type": "LogStrings", "path": ["monitoring", "stdout"], "values": [{"value": "bingo have instances", "step": null, "ts": 1678357916.3017187}]}, "version": 85}
{"obj": {"type": "LogStrings", "path": ["monitoring", "stdout"], "values": [{"value": "\n", "step": null, "ts": 1678357916.3023272}]}, "version": 86}
{"obj": {"type": "LogStrings", "path": ["monitoring", "stdout"], "values": [{"value": "bingo have instances", "step": null, "ts": 1678357916.3040502}]}, "version": 87}
{"obj": {"type": "LogStrings", "path": ["monitoring", "stdout"], "values": [{"value": "\n", "step": null, "ts": 1678357916.3044503}]}, "version": 88}
{"obj": {"type": "LogFloats", "path": ["monitoring", "cpu"], "values": [{"value": 30.5, "step": null, "ts": 1678357916.3814435}]}, "version": 89}
{"obj": {"type": "LogFloats", "path": ["monitoring", "memory"], "values": [{"value": 7.099006652832031, "step": null, "ts": 1678357916.3814435}]}, "version": 90}
{"obj": {"type": "LogFloats", "path": ["monitoring", "gpu"], "values": [{"value": 54.0, "step": null, "ts": 1678357916.3814435}]}, "version": 91}
{"obj": {"type": "LogFloats", "path": ["monitoring", "gpu_memory"], "values": [{"value": 9.78802490234375, "step": null, "ts": 1678357916.3814435}]}, "version": 92}
{"obj": {"type": "LogStrings", "path": ["monitoring", "stdout"], "values": [{"value": "current_iter", "step": null, "ts": 1678357916.707114}]}, "version": 93}
{"obj": {"type": "LogStrings", "path": ["monitoring", "stdout"], "values": [{"value": " ", "step": null, "ts": 1678357916.70768}]}, "version": 94}
{"obj": {"type": "LogStrings", "path": ["monitoring", "stdout"], "values": [{"value": "3", "step": null, "ts": 1678357916.7079973}]}, "version": 95}
{"obj": {"type": "LogStrings", "path": ["monitoring", "stdout"], "values": [{"value": "\n", "step": null, "ts": 1678357916.7082746}]}, "version": 96}
{"obj": {"type": "LogStrings", "path": ["monitoring", "stderr"], "values": [{"value": "2023-03-09 17:31:57,881 INFO: [DetectionCheckpointer] Loading from https://dl.fbaipublicfiles.com/detectron2/COCO-InstanceSegmentation/mask_rcnn_R_50_FPN_3x/137849600/model_final_f10217.pkl ...\n", "step": null, "ts": 1678357917.8817706}]}, "version": 97}
{"obj": {"type": "LogStrings", "path": ["monitoring", "stderr"], "values": [{"value": "2023-03-09 17:31:57,881 INFO: [Checkpointer] Loading from /home/ailab/.torch/iopath_cache/detectron2/COCO-InstanceSegmentation/mask_rcnn_R_50_FPN_3x/137849600/model_final_f10217.pkl ...\n", "step": null, "ts": 1678357917.8826354}]}, "version": 98}
{"obj": {"type": "LogStrings", "path": ["monitoring", "stderr"], "values": [{"value": "2023-03-09 17:31:58,063 INFO: Reading a file from 'Detectron2 Model Zoo'\n", "step": null, "ts": 1678357918.0647297}]}, "version": 99}
{"obj": {"type": "LogStrings", "path": ["monitoring", "stdout"], "values": [{"value": "bingo have instances", "step": null, "ts": 1678357918.3487566}]}, "version": 100}
{"obj": {"type": "LogStrings", "path": ["monitoring", "stdout"], "values": [{"value": "\n", "step": null, "ts": 1678357918.3494484}]}, "version": 101}
{"obj": {"type": "LogStrings", "path": ["monitoring", "stdout"], "values": [{"value": "bingo have instances", "step": null, "ts": 1678357918.3500016}]}, "version": 102}
{"obj": {"type": "LogStrings", "path": ["monitoring", "stdout"], "values": [{"value": "\n", "step": null, "ts": 1678357918.3516304}]}, "version": 103}
{"obj": {"type": "LogStrings", "path": ["monitoring", "stdout"], "values": [{"value": "current_iter", "step": null, "ts": 1678357918.7591262}]}, "version": 104}
{"obj": {"type": "LogStrings", "path": ["monitoring", "stdout"], "values": [{"value": " ", "step": null, "ts": 1678357918.7597504}]}, "version": 105}
{"obj": {"type": "LogStrings", "path": ["monitoring", "stdout"], "values": [{"value": "4", "step": null, "ts": 1678357918.7601087}]}, "version": 106}
{"obj": {"type": "LogStrings", "path": ["monitoring", "stdout"], "values": [{"value": "\n", "step": null, "ts": 1678357918.7604227}]}, "version": 107}
{"obj": {"type": "LogStrings", "path": ["monitoring", "stderr"], "values": [{"value": "2023-03-09 17:32:00,083 INFO: [DetectionCheckpointer] Loading from https://dl.fbaipublicfiles.com/detectron2/COCO-InstanceSegmentation/mask_rcnn_R_50_FPN_3x/137849600/model_final_f10217.pkl ...\n", "step": null, "ts": 1678357920.0834882}]}, "version": 108}
{"obj": {"type": "LogStrings", "path": ["monitoring", "stderr"], "values": [{"value": "2023-03-09 17:32:00,083 INFO: [Checkpointer] Loading from /home/ailab/.torch/iopath_cache/detectron2/COCO-InstanceSegmentation/mask_rcnn_R_50_FPN_3x/137849600/model_final_f10217.pkl ...\n", "step": null, "ts": 1678357920.0841238}]}, "version": 109}
{"obj": {"type": "LogStrings", "path": ["monitoring", "stderr"], "values": [{"value": "2023-03-09 17:32:00,264 INFO: Reading a file from 'Detectron2 Model Zoo'\n", "step": null, "ts": 1678357920.2654753}]}, "version": 110}
{"obj": {"type": "LogStrings", "path": ["monitoring", "stdout"], "values": [{"value": "bingo have instances", "step": null, "ts": 1678357920.4693222}]}, "version": 111}
{"obj": {"type": "LogStrings", "path": ["monitoring", "stdout"], "values": [{"value": "\n", "step": null, "ts": 1678357920.4697044}]}, "version": 112}
{"obj": {"type": "LogStrings", "path": ["monitoring", "stdout"], "values": [{"value": "current_iter", "step": null, "ts": 1678357920.8721495}]}, "version": 113}
{"obj": {"type": "LogStrings", "path": ["monitoring", "stdout"], "values": [{"value": " ", "step": null, "ts": 1678357920.8728025}]}, "version": 114}
{"obj": {"type": "LogStrings", "path": ["monitoring", "stdout"], "values": [{"value": "5", "step": null, "ts": 1678357920.8731673}]}, "version": 115}
{"obj": {"type": "LogStrings", "path": ["monitoring", "stdout"], "values": [{"value": "\n", "step": null, "ts": 1678357920.8734822}]}, "version": 116}
{"obj": {"type": "LogStrings", "path": ["monitoring", "stderr"], "values": [{"value": "2023-03-09 17:32:02,050 INFO: [DetectionCheckpointer] Loading from https://dl.fbaipublicfiles.com/detectron2/COCO-InstanceSegmentation/mask_rcnn_R_50_FPN_3x/137849600/model_final_f10217.pkl ...\n", "step": null, "ts": 1678357922.0511}]}, "version": 117}
{"obj": {"type": "LogStrings", "path": ["monitoring", "stderr"], "values": [{"value": "2023-03-09 17:32:02,050 INFO: [Checkpointer] Loading from /home/ailab/.torch/iopath_cache/detectron2/COCO-InstanceSegmentation/mask_rcnn_R_50_FPN_3x/137849600/model_final_f10217.pkl ...\n", "step": null, "ts": 1678357922.0518293}]}, "version": 118}
{"obj": {"type": "LogStrings", "path": ["monitoring", "stderr"], "values": [{"value": "2023-03-09 17:32:02,228 INFO: Reading a file from 'Detectron2 Model Zoo'\n", "step": null, "ts": 1678357922.2303874}]}, "version": 119}
{"obj": {"type": "LogStrings", "path": ["monitoring", "stdout"], "values": [{"value": "bingo have instances", "step": null, "ts": 1678357922.4002}]}, "version": 120}
{"obj": {"type": "LogStrings", "path": ["monitoring", "stdout"], "values": [{"value": "\n", "step": null, "ts": 1678357922.400821}]}, "version": 121}
{"obj": {"type": "LogStrings", "path": ["monitoring", "stdout"], "values": [{"value": "current_iter", "step": null, "ts": 1678357922.8070028}]}, "version": 122}
{"obj": {"type": "LogStrings", "path": ["monitoring", "stdout"], "values": [{"value": " ", "step": null, "ts": 1678357922.807482}]}, "version": 123}
{"obj": {"type": "LogStrings", "path": ["monitoring", "stdout"], "values": [{"value": "6", "step": null, "ts": 1678357922.807945}]}, "version": 124}
{"obj": {"type": "LogStrings", "path": ["monitoring", "stdout"], "values": [{"value": "\n", "step": null, "ts": 1678357922.808151}]}, "version": 125}
{"obj": {"type": "LogStrings", "path": ["monitoring", "stderr"], "values": [{"value": "2023-03-09 17:32:03,986 INFO: [DetectionCheckpointer] Loading from https://dl.fbaipublicfiles.com/detectron2/COCO-InstanceSegmentation/mask_rcnn_R_50_FPN_3x/137849600/model_final_f10217.pkl ...\n", "step": null, "ts": 1678357923.9873474}]}, "version": 126}
{"obj": {"type": "LogStrings", "path": ["monitoring", "stderr"], "values": [{"value": "2023-03-09 17:32:03,986 INFO: [Checkpointer] Loading from /home/ailab/.torch/iopath_cache/detectron2/COCO-InstanceSegmentation/mask_rcnn_R_50_FPN_3x/137849600/model_final_f10217.pkl ...\n", "step": null, "ts": 1678357923.98804}]}, "version": 127}
{"obj": {"type": "LogStrings", "path": ["monitoring", "stderr"], "values": [{"value": "2023-03-09 17:32:04,169 INFO: Reading a file from 'Detectron2 Model Zoo'\n", "step": null, "ts": 1678357924.1707497}]}, "version": 128}
{"obj": {"type": "LogStrings", "path": ["monitoring", "stdout"], "values": [{"value": "bingo have instances", "step": null, "ts": 1678357924.3578007}]}, "version": 129}
{"obj": {"type": "LogStrings", "path": ["monitoring", "stdout"], "values": [{"value": "\n", "step": null, "ts": 1678357924.3584576}]}, "version": 130}
{"obj": {"type": "LogStrings", "path": ["monitoring", "stdout"], "values": [{"value": "bingo have instances", "step": null, "ts": 1678357924.360052}]}, "version": 131}
{"obj": {"type": "LogStrings", "path": ["monitoring", "stdout"], "values": [{"value": "\n", "step": null, "ts": 1678357924.360518}]}, "version": 132}
{"obj": {"type": "LogStrings", "path": ["monitoring", "stdout"], "values": [{"value": "current_iter", "step": null, "ts": 1678357924.7647753}]}, "version": 133}
{"obj": {"type": "LogStrings", "path": ["monitoring", "stdout"], "values": [{"value": " ", "step": null, "ts": 1678357924.7652066}]}, "version": 134}
{"obj": {"type": "LogStrings", "path": ["monitoring", "stdout"], "values": [{"value": "7", "step": null, "ts": 1678357924.7654834}]}, "version": 135}
{"obj": {"type": "LogStrings", "path": ["monitoring", "stdout"], "values": [{"value": "\n", "step": null, "ts": 1678357924.7657118}]}, "version": 136}
{"obj": {"type": "LogStrings", "path": ["monitoring", "stderr"], "values": [{"value": "2023-03-09 17:32:05,937 INFO: [DetectionCheckpointer] Loading from https://dl.fbaipublicfiles.com/detectron2/COCO-InstanceSegmentation/mask_rcnn_R_50_FPN_3x/137849600/model_final_f10217.pkl ...\n", "step": null, "ts": 1678357925.9382641}]}, "version": 137}
{"obj": {"type": "LogStrings", "path": ["monitoring", "stderr"], "values": [{"value": "2023-03-09 17:32:05,937 INFO: [Checkpointer] Loading from /home/ailab/.torch/iopath_cache/detectron2/COCO-InstanceSegmentation/mask_rcnn_R_50_FPN_3x/137849600/model_final_f10217.pkl ...\n", "step": null, "ts": 1678357925.9390016}]}, "version": 138}
{"obj": {"type": "LogStrings", "path": ["monitoring", "stderr"], "values": [{"value": "2023-03-09 17:32:06,115 INFO: Reading a file from 'Detectron2 Model Zoo'\n", "step": null, "ts": 1678357926.1169887}]}, "version": 139}
{"obj": {"type": "LogStrings", "path": ["monitoring", "stdout"], "values": [{"value": "bingo have instances", "step": null, "ts": 1678357926.2962527}]}, "version": 140}
{"obj": {"type": "LogStrings", "path": ["monitoring", "stdout"], "values": [{"value": "\n", "step": null, "ts": 1678357926.2966151}]}, "version": 141}
{"obj": {"type": "LogFloats", "path": ["monitoring", "cpu"], "values": [{"value": 24.8, "step": null, "ts": 1678357926.3850691}]}, "version": 142}
{"obj": {"type": "LogFloats", "path": ["monitoring", "memory"], "values": [{"value": 7.103778839111328, "step": null, "ts": 1678357926.3850691}]}, "version": 143}
{"obj": {"type": "LogFloats", "path": ["monitoring", "gpu"], "values": [{"value": 49.0, "step": null, "ts": 1678357926.3850691}]}, "version": 144}
{"obj": {"type": "LogFloats", "path": ["monitoring", "gpu_memory"], "values": [{"value": 10.46966552734375, "step": null, "ts": 1678357926.3850691}]}, "version": 145}
{"obj": {"type": "LogStrings", "path": ["monitoring", "stdout"], "values": [{"value": "current_iter", "step": null, "ts": 1678357926.7028506}]}, "version": 146}
{"obj": {"type": "LogStrings", "path": ["monitoring", "stdout"], "values": [{"value": " ", "step": null, "ts": 1678357926.7033925}]}, "version": 147}
{"obj": {"type": "LogStrings", "path": ["monitoring", "stdout"], "values": [{"value": "8", "step": null, "ts": 1678357926.703967}]}, "version": 148}
{"obj": {"type": "LogStrings", "path": ["monitoring", "stdout"], "values": [{"value": "\n", "step": null, "ts": 1678357926.7042997}]}, "version": 149}
{"obj": {"type": "LogStrings", "path": ["monitoring", "stderr"], "values": [{"value": "2023-03-09 17:32:07,971 INFO: [DetectionCheckpointer] Loading from https://dl.fbaipublicfiles.com/detectron2/COCO-InstanceSegmentation/mask_rcnn_R_50_FPN_3x/137849600/model_final_f10217.pkl ...\n", "step": null, "ts": 1678357927.972524}]}, "version": 150}
{"obj": {"type": "LogStrings", "path": ["monitoring", "stderr"], "values": [{"value": "2023-03-09 17:32:07,972 INFO: [Checkpointer] Loading from /home/ailab/.torch/iopath_cache/detectron2/COCO-InstanceSegmentation/mask_rcnn_R_50_FPN_3x/137849600/model_final_f10217.pkl ...\n", "step": null, "ts": 1678357927.9732373}]}, "version": 151}
{"obj": {"type": "LogStrings", "path": ["monitoring", "stderr"], "values": [{"value": "2023-03-09 17:32:08,149 INFO: Reading a file from 'Detectron2 Model Zoo'\n", "step": null, "ts": 1678357928.1510866}]}, "version": 152}
{"obj": {"type": "LogStrings", "path": ["monitoring", "stdout"], "values": [{"value": "bingo have instances", "step": null, "ts": 1678357928.3227985}]}, "version": 153}
{"obj": {"type": "LogStrings", "path": ["monitoring", "stdout"], "values": [{"value": "\n", "step": null, "ts": 1678357928.323494}]}, "version": 154}
{"obj": {"type": "LogStrings", "path": ["monitoring", "stdout"], "values": [{"value": "bingo have instances", "step": null, "ts": 1678357928.32396}]}, "version": 155}
{"obj": {"type": "LogStrings", "path": ["monitoring", "stdout"], "values": [{"value": "\n", "step": null, "ts": 1678357928.3257291}]}, "version": 156}
{"obj": {"type": "LogStrings", "path": ["monitoring", "stdout"], "values": [{"value": "bingo have instances", "step": null, "ts": 1678357928.3261564}]}, "version": 157}
{"obj": {"type": "LogStrings", "path": ["monitoring", "stdout"], "values": [{"value": "\n", "step": null, "ts": 1678357928.3265944}]}, "version": 158}
{"obj": {"type": "LogStrings", "path": ["monitoring", "stdout"], "values": [{"value": "current_iter", "step": null, "ts": 1678357928.7315774}]}, "version": 159}
{"obj": {"type": "LogStrings", "path": ["monitoring", "stdout"], "values": [{"value": " ", "step": null, "ts": 1678357928.7321198}]}, "version": 160}
{"obj": {"type": "LogStrings", "path": ["monitoring", "stdout"], "values": [{"value": "9", "step": null, "ts": 1678357928.7324932}]}, "version": 161}
{"obj": {"type": "LogStrings", "path": ["monitoring", "stdout"], "values": [{"value": "\n", "step": null, "ts": 1678357928.7328155}]}, "version": 162}
{"obj": {"type": "LogStrings", "path": ["monitoring", "stderr"], "values": [{"value": "2023-03-09 17:32:09,911 INFO: [DetectionCheckpointer] Loading from https://dl.fbaipublicfiles.com/detectron2/COCO-InstanceSegmentation/mask_rcnn_R_50_FPN_3x/137849600/model_final_f10217.pkl ...\n", "step": null, "ts": 1678357929.9117768}]}, "version": 163}
{"obj": {"type": "LogStrings", "path": ["monitoring", "stderr"], "values": [{"value": "2023-03-09 17:32:09,911 INFO: [Checkpointer] Loading from /home/ailab/.torch/iopath_cache/detectron2/COCO-InstanceSegmentation/mask_rcnn_R_50_FPN_3x/137849600/model_final_f10217.pkl ...\n", "step": null, "ts": 1678357929.912733}]}, "version": 164}
{"obj": {"type": "LogStrings", "path": ["monitoring", "stderr"], "values": [{"value": "2023-03-09 17:32:10,088 INFO: Reading a file from 'Detectron2 Model Zoo'\n", "step": null, "ts": 1678357930.0896645}]}, "version": 165}
{"obj": {"type": "LogStrings", "path": ["monitoring", "stdout"], "values": [{"value": "bingo have instances", "step": null, "ts": 1678357930.2567585}]}, "version": 166}
{"obj": {"type": "LogStrings", "path": ["monitoring", "stdout"], "values": [{"value": "\n", "step": null, "ts": 1678357930.258563}]}, "version": 167}
{"obj": {"type": "LogStrings", "path": ["monitoring", "stdout"], "values": [{"value": "reduce_loss_dict", "step": null, "ts": 1678357930.6590192}]}, "version": 168}
{"obj": {"type": "LogFloats", "path": ["loss"], "values": [{"value": -23.213735580444336, "step": null, "ts": 1678357930.661066}]}, "version": 169}
{"obj": {"type": "LogStrings", "path": ["monitoring", "stderr"], "values": [{"value": "2023-03-09 17:32:10,658 INFO: [NAFNe..][epoch:  0, iter:      10, lr:(1.000e-03,)] [eta: 7 days, 10:29:01, time (data): 1.934 (0.007)] l_pix: -2.3214e+01 \n", "step": null, "ts": 1678357930.6617763}]}, "version": 170}
{"obj": {"type": "LogStrings", "path": ["monitoring", "stdout"], "values": [{"value": " ", "step": null, "ts": 1678357930.6724217}]}, "version": 171}
{"obj": {"type": "LogStrings", "path": ["monitoring", "stderr"], "values": [{"value": "\r  0%|                                                             | 0/1111 [00:00<?, ?image/s]", "step": null, "ts": 1678357930.6734722}]}, "version": 172}
{"obj": {"type": "LogStrings", "path": ["monitoring", "stdout"], "values": [{"value": "OrderedDict([('l_pix', -23.213735580444336)])", "step": null, "ts": 1678357930.6739557}]}, "version": 173}
{"obj": {"type": "LogStrings", "path": ["monitoring", "stdout"], "values": [{"value": "\n", "step": null, "ts": 1678357930.6742291}]}, "version": 174}
{"obj": {"type": "LogStrings", "path": ["monitoring", "stderr"], "values": [{"value": "2023-03-09 17:32:12,596 INFO: [DetectionCheckpointer] Loading from https://dl.fbaipublicfiles.com/detectron2/COCO-InstanceSegmentation/mask_rcnn_R_50_FPN_3x/137849600/model_final_f10217.pkl ...\n", "step": null, "ts": 1678357932.597275}]}, "version": 175}
{"obj": {"type": "LogStrings", "path": ["monitoring", "stderr"], "values": [{"value": "2023-03-09 17:32:12,596 INFO: [Checkpointer] Loading from /home/ailab/.torch/iopath_cache/detectron2/COCO-InstanceSegmentation/mask_rcnn_R_50_FPN_3x/137849600/model_final_f10217.pkl ...\n", "step": null, "ts": 1678357932.5980105}]}, "version": 176}
{"obj": {"type": "LogStrings", "path": ["monitoring", "stderr"], "values": [{"value": "2023-03-09 17:32:12,776 INFO: Reading a file from 'Detectron2 Model Zoo'\n", "step": null, "ts": 1678357932.7778785}]}, "version": 177}
{"obj": {"type": "LogStrings", "path": ["monitoring", "stdout"], "values": [{"value": "bingo have instances", "step": null, "ts": 1678357934.5206144}]}, "version": 178}
{"obj": {"type": "LogStrings", "path": ["monitoring", "stdout"], "values": [{"value": "\n", "step": null, "ts": 1678357934.522278}]}, "version": 179}
{"obj": {"type": "LogStrings", "path": ["monitoring", "stderr"], "values": [{"value": "\r  0%|                                                   | 1/1111 [00:05<1:37:56,  5.29s/image]", "step": null, "ts": 1678357935.9679983}]}, "version": 180}
{"obj": {"type": "LogStrings", "path": ["monitoring", "stderr"], "values": [{"value": "\rTest GOPR0384_11_00-000001:   0%|                       | 1/1111 [00:05<1:37:56,  5.29s/image]", "step": null, "ts": 1678357935.9684873}]}, "version": 181}
{"obj": {"type": "LogFloats", "path": ["monitoring", "cpu"], "values": [{"value": 25.6, "step": null, "ts": 1678357936.3876827}]}, "version": 182}
{"obj": {"type": "LogFloats", "path": ["monitoring", "memory"], "values": [{"value": 7.1134490966796875, "step": null, "ts": 1678357936.3876827}]}, "version": 183}
{"obj": {"type": "LogFloats", "path": ["monitoring", "gpu"], "values": [{"value": 99.0, "step": null, "ts": 1678357936.3876827}]}, "version": 184}
{"obj": {"type": "LogFloats", "path": ["monitoring", "gpu_memory"], "values": [{"value": 3.7169189453125, "step": null, "ts": 1678357936.3876827}]}, "version": 185}
{"obj": {"type": "LogStrings", "path": ["monitoring", "stderr"], "values": [{"value": "2023-03-09 17:32:17,435 INFO: [DetectionCheckpointer] Loading from https://dl.fbaipublicfiles.com/detectron2/COCO-InstanceSegmentation/mask_rcnn_R_50_FPN_3x/137849600/model_final_f10217.pkl ...\n", "step": null, "ts": 1678357937.4362772}]}, "version": 186}
{"obj": {"type": "LogStrings", "path": ["monitoring", "stderr"], "values": [{"value": "2023-03-09 17:32:17,435 INFO: [Checkpointer] Loading from /home/ailab/.torch/iopath_cache/detectron2/COCO-InstanceSegmentation/mask_rcnn_R_50_FPN_3x/137849600/model_final_f10217.pkl ...\n", "step": null, "ts": 1678357937.4371881}]}, "version": 187}
{"obj": {"type": "LogStrings", "path": ["monitoring", "stderr"], "values": [{"value": "2023-03-09 17:32:17,612 INFO: Reading a file from 'Detectron2 Model Zoo'\n", "step": null, "ts": 1678357937.6146288}]}, "version": 188}
{"obj": {"type": "LogStrings", "path": ["monitoring", "stdout"], "values": [{"value": "bingo have instances", "step": null, "ts": 1678357937.7693355}]}, "version": 189}
{"obj": {"type": "LogStrings", "path": ["monitoring", "stdout"], "values": [{"value": "\n", "step": null, "ts": 1678357937.771086}]}, "version": 190}
{"obj": {"type": "LogStrings", "path": ["monitoring", "stderr"], "values": [{"value": "\rTest GOPR0384_11_00-000001:   0%|                       | 2/1111 [00:07<1:01:52,  3.35s/image]", "step": null, "ts": 1678357937.9535756}]}, "version": 191}
{"obj": {"type": "LogStrings", "path": ["monitoring", "stderr"], "values": [{"value": "\rTest GOPR0384_11_00-000002:   0%|                       | 2/1111 [00:07<1:01:52,  3.35s/image]", "step": null, "ts": 1678357937.9539924}]}, "version": 192}
{"obj": {"type": "LogStrings", "path": ["monitoring", "stderr"], "values": [{"value": "2023-03-09 17:32:19,304 INFO: [DetectionCheckpointer] Loading from https://dl.fbaipublicfiles.com/detectron2/COCO-InstanceSegmentation/mask_rcnn_R_50_FPN_3x/137849600/model_final_f10217.pkl ...\n", "step": null, "ts": 1678357939.3050733}]}, "version": 193}
{"obj": {"type": "LogStrings", "path": ["monitoring", "stderr"], "values": [{"value": "2023-03-09 17:32:19,304 INFO: [Checkpointer] Loading from /home/ailab/.torch/iopath_cache/detectron2/COCO-InstanceSegmentation/mask_rcnn_R_50_FPN_3x/137849600/model_final_f10217.pkl ...\n", "step": null, "ts": 1678357939.3057992}]}, "version": 194}
{"obj": {"type": "LogStrings", "path": ["monitoring", "stderr"], "values": [{"value": "2023-03-09 17:32:19,483 INFO: Reading a file from 'Detectron2 Model Zoo'\n", "step": null, "ts": 1678357939.485257}]}, "version": 195}
{"obj": {"type": "LogStrings", "path": ["monitoring", "stdout"], "values": [{"value": "bingo have instances", "step": null, "ts": 1678357939.6279113}]}, "version": 196}
{"obj": {"type": "LogStrings", "path": ["monitoring", "stdout"], "values": [{"value": "\n", "step": null, "ts": 1678357939.629789}]}, "version": 197}
{"obj": {"type": "LogStrings", "path": ["monitoring", "stderr"], "values": [{"value": "\rTest GOPR0384_11_00-000002:   0%|                         | 3/1111 [00:09<49:45,  2.69s/image]", "step": null, "ts": 1678357939.8698475}]}, "version": 198}
{"obj": {"type": "LogStrings", "path": ["monitoring", "stderr"], "values": [{"value": "\rTest GOPR0384_11_00-000003:   0%|                         | 3/1111 [00:09<49:45,  2.69s/image]", "step": null, "ts": 1678357939.8702617}]}, "version": 199}
{"obj": {"type": "LogStrings", "path": ["monitoring", "stderr"], "values": [{"value": "2023-03-09 17:32:21,221 INFO: [DetectionCheckpointer] Loading from https://dl.fbaipublicfiles.com/detectron2/COCO-InstanceSegmentation/mask_rcnn_R_50_FPN_3x/137849600/model_final_f10217.pkl ...\n", "step": null, "ts": 1678357941.2224522}]}, "version": 200}
{"obj": {"type": "LogStrings", "path": ["monitoring", "stderr"], "values": [{"value": "2023-03-09 17:32:21,222 INFO: [Checkpointer] Loading from /home/ailab/.torch/iopath_cache/detectron2/COCO-InstanceSegmentation/mask_rcnn_R_50_FPN_3x/137849600/model_final_f10217.pkl ...\n", "step": null, "ts": 1678357941.2232425}]}, "version": 201}
{"obj": {"type": "LogStrings", "path": ["monitoring", "stderr"], "values": [{"value": "2023-03-09 17:32:21,398 INFO: Reading a file from 'Detectron2 Model Zoo'\n", "step": null, "ts": 1678357941.4000633}]}, "version": 202}
{"obj": {"type": "LogStrings", "path": ["monitoring", "stdout"], "values": [{"value": "bingo have instances", "step": null, "ts": 1678357941.5401533}]}, "version": 203}
{"obj": {"type": "LogStrings", "path": ["monitoring", "stdout"], "values": [{"value": "\n", "step": null, "ts": 1678357941.5420053}]}, "version": 204}
{"obj": {"type": "LogStrings", "path": ["monitoring", "stderr"], "values": [{"value": "\rTest GOPR0384_11_00-000003:   0%|                         | 4/1111 [00:11<43:26,  2.35s/image]", "step": null, "ts": 1678357941.70458}]}, "version": 205}
{"obj": {"type": "LogStrings", "path": ["monitoring", "stderr"], "values": [{"value": "\rTest GOPR0384_11_00-000004:   0%|                         | 4/1111 [00:11<43:26,  2.35s/image]", "step": null, "ts": 1678357941.7050483}]}, "version": 206}
{"obj": {"type": "LogStrings", "path": ["monitoring", "stderr"], "values": [{"value": "2023-03-09 17:32:23,068 INFO: [DetectionCheckpointer] Loading from https://dl.fbaipublicfiles.com/detectron2/COCO-InstanceSegmentation/mask_rcnn_R_50_FPN_3x/137849600/model_final_f10217.pkl ...\n", "step": null, "ts": 1678357943.0689845}]}, "version": 207}
{"obj": {"type": "LogStrings", "path": ["monitoring", "stderr"], "values": [{"value": "2023-03-09 17:32:23,068 INFO: [Checkpointer] Loading from /home/ailab/.torch/iopath_cache/detectron2/COCO-InstanceSegmentation/mask_rcnn_R_50_FPN_3x/137849600/model_final_f10217.pkl ...\n", "step": null, "ts": 1678357943.0698285}]}, "version": 208}
{"obj": {"type": "LogStrings", "path": ["monitoring", "stderr"], "values": [{"value": "2023-03-09 17:32:23,248 INFO: Reading a file from 'Detectron2 Model Zoo'\n", "step": null, "ts": 1678357943.2499154}]}, "version": 209}
{"obj": {"type": "LogStrings", "path": ["monitoring", "stdout"], "values": [{"value": "bingo have instances", "step": null, "ts": 1678357943.375541}]}, "version": 210}
{"obj": {"type": "LogStrings", "path": ["monitoring", "stdout"], "values": [{"value": "\n", "step": null, "ts": 1678357943.3772428}]}, "version": 211}
{"obj": {"type": "LogStrings", "path": ["monitoring", "stderr"], "values": [{"value": "\rTest GOPR0384_11_00-000004:   0%|                         | 5/1111 [00:12<40:32,  2.20s/image]", "step": null, "ts": 1678357943.627025}]}, "version": 212}
{"obj": {"type": "LogStrings", "path": ["monitoring", "stderr"], "values": [{"value": "\rTest GOPR0384_11_00-000005:   0%|                         | 5/1111 [00:12<40:32,  2.20s/image]", "step": null, "ts": 1678357943.627459}]}, "version": 213}
{"obj": {"type": "LogStrings", "path": ["monitoring", "stderr"], "values": [{"value": "2023-03-09 17:32:24,983 INFO: [DetectionCheckpointer] Loading from https://dl.fbaipublicfiles.com/detectron2/COCO-InstanceSegmentation/mask_rcnn_R_50_FPN_3x/137849600/model_final_f10217.pkl ...\n", "step": null, "ts": 1678357944.9844391}]}, "version": 214}
{"obj": {"type": "LogStrings", "path": ["monitoring", "stderr"], "values": [{"value": "2023-03-09 17:32:24,984 INFO: [Checkpointer] Loading from /home/ailab/.torch/iopath_cache/detectron2/COCO-InstanceSegmentation/mask_rcnn_R_50_FPN_3x/137849600/model_final_f10217.pkl ...\n", "step": null, "ts": 1678357944.985329}]}, "version": 215}
{"obj": {"type": "LogStrings", "path": ["monitoring", "stderr"], "values": [{"value": "2023-03-09 17:32:25,168 INFO: Reading a file from 'Detectron2 Model Zoo'\n", "step": null, "ts": 1678357945.1696966}]}, "version": 216}
{"obj": {"type": "LogStrings", "path": ["monitoring", "stdout"], "values": [{"value": "bingo have instances", "step": null, "ts": 1678357945.318755}]}, "version": 217}
{"obj": {"type": "LogStrings", "path": ["monitoring", "stdout"], "values": [{"value": "\n", "step": null, "ts": 1678357945.3205395}]}, "version": 218}
{"obj": {"type": "LogStrings", "path": ["monitoring", "stderr"], "values": [{"value": "\rTest GOPR0384_11_00-000005:   1%|\u258f                        | 6/1111 [00:14<38:31,  2.09s/image]", "step": null, "ts": 1678357945.509645}]}, "version": 219}
{"obj": {"type": "LogStrings", "path": ["monitoring", "stderr"], "values": [{"value": "\rTest GOPR0384_11_00-000006:   1%|\u258f                        | 6/1111 [00:14<38:31,  2.09s/image]", "step": null, "ts": 1678357945.510103}]}, "version": 220}
{"obj": {"type": "LogFloats", "path": ["monitoring", "cpu"], "values": [{"value": 30.6, "step": null, "ts": 1678357946.3899717}]}, "version": 221}
{"obj": {"type": "LogFloats", "path": ["monitoring", "memory"], "values": [{"value": 7.140682220458984, "step": null, "ts": 1678357946.3899717}]}, "version": 222}
{"obj": {"type": "LogFloats", "path": ["monitoring", "gpu_memory"], "values": [{"value": 3.69390869140625, "step": null, "ts": 1678357946.3899717}]}, "version": 223}
{"obj": {"type": "LogStrings", "path": ["monitoring", "stderr"], "values": [{"value": "2023-03-09 17:32:26,842 INFO: [DetectionCheckpointer] Loading from https://dl.fbaipublicfiles.com/detectron2/COCO-InstanceSegmentation/mask_rcnn_R_50_FPN_3x/137849600/model_final_f10217.pkl ...\n", "step": null, "ts": 1678357946.8435612}]}, "version": 224}
{"obj": {"type": "LogStrings", "path": ["monitoring", "stderr"], "values": [{"value": "2023-03-09 17:32:26,843 INFO: [Checkpointer] Loading from /home/ailab/.torch/iopath_cache/detectron2/COCO-InstanceSegmentation/mask_rcnn_R_50_FPN_3x/137849600/model_final_f10217.pkl ...\n", "step": null, "ts": 1678357946.8442996}]}, "version": 225}
{"obj": {"type": "LogStrings", "path": ["monitoring", "stderr"], "values": [{"value": "2023-03-09 17:32:27,020 INFO: Reading a file from 'Detectron2 Model Zoo'\n", "step": null, "ts": 1678357947.022644}]}, "version": 226}
{"obj": {"type": "LogStrings", "path": ["monitoring", "stdout"], "values": [{"value": "bingo have instances", "step": null, "ts": 1678357947.1754103}]}, "version": 227}
{"obj": {"type": "LogStrings", "path": ["monitoring", "stdout"], "values": [{"value": "\n", "step": null, "ts": 1678357947.177131}]}, "version": 228}
{"obj": {"type": "LogStrings", "path": ["monitoring", "stderr"], "values": [{"value": "\rTest GOPR0384_11_00-000006:   1%|\u258f                        | 7/1111 [00:16<36:56,  2.01s/image]", "step": null, "ts": 1678357947.3451996}]}, "version": 229}
{"obj": {"type": "LogStrings", "path": ["monitoring", "stderr"], "values": [{"value": "\rTest GOPR0384_11_00-000007:   1%|\u258f                        | 7/1111 [00:16<36:56,  2.01s/image]", "step": null, "ts": 1678357947.3456242}]}, "version": 230}
{"obj": {"type": "LogStrings", "path": ["monitoring", "stderr"], "values": [{"value": "2023-03-09 17:32:28,686 INFO: [DetectionCheckpointer] Loading from https://dl.fbaipublicfiles.com/detectron2/COCO-InstanceSegmentation/mask_rcnn_R_50_FPN_3x/137849600/model_final_f10217.pkl ...\n", "step": null, "ts": 1678357948.687058}]}, "version": 231}
{"obj": {"type": "LogStrings", "path": ["monitoring", "stderr"], "values": [{"value": "2023-03-09 17:32:28,687 INFO: [Checkpointer] Loading from /home/ailab/.torch/iopath_cache/detectron2/COCO-InstanceSegmentation/mask_rcnn_R_50_FPN_3x/137849600/model_final_f10217.pkl ...\n", "step": null, "ts": 1678357948.6877646}]}, "version": 232}
{"obj": {"type": "LogStrings", "path": ["monitoring", "stderr"], "values": [{"value": "2023-03-09 17:32:28,866 INFO: Reading a file from 'Detectron2 Model Zoo'\n", "step": null, "ts": 1678357948.867376}]}, "version": 233}
{"obj": {"type": "LogStrings", "path": ["monitoring", "stdout"], "values": [{"value": "bingo have instances", "step": null, "ts": 1678357948.995494}]}, "version": 234}
{"obj": {"type": "LogStrings", "path": ["monitoring", "stdout"], "values": [{"value": "\n", "step": null, "ts": 1678357948.997163}]}, "version": 235}
{"obj": {"type": "LogStrings", "path": ["monitoring", "stderr"], "values": [{"value": "\rTest GOPR0384_11_00-000007:   1%|\u258f                        | 8/1111 [00:18<36:03,  1.96s/image]", "step": null, "ts": 1678357949.207161}]}, "version": 236}
{"obj": {"type": "LogStrings", "path": ["monitoring", "stderr"], "values": [{"value": "\rTest GOPR0384_11_00-000008:   1%|\u258f                        | 8/1111 [00:18<36:03,  1.96s/image]", "step": null, "ts": 1678357949.2076466}]}, "version": 237}
{"obj": {"type": "LogStrings", "path": ["monitoring", "stderr"], "values": [{"value": "2023-03-09 17:32:30,559 INFO: [DetectionCheckpointer] Loading from https://dl.fbaipublicfiles.com/detectron2/COCO-InstanceSegmentation/mask_rcnn_R_50_FPN_3x/137849600/model_final_f10217.pkl ...\n", "step": null, "ts": 1678357950.5599327}]}, "version": 238}
{"obj": {"type": "LogStrings", "path": ["monitoring", "stderr"], "values": [{"value": "2023-03-09 17:32:30,560 INFO: [Checkpointer] Loading from /home/ailab/.torch/iopath_cache/detectron2/COCO-InstanceSegmentation/mask_rcnn_R_50_FPN_3x/137849600/model_final_f10217.pkl ...\n", "step": null, "ts": 1678357950.5606601}]}, "version": 239}
{"obj": {"type": "LogStrings", "path": ["monitoring", "stderr"], "values": [{"value": "2023-03-09 17:32:30,734 INFO: Reading a file from 'Detectron2 Model Zoo'\n", "step": null, "ts": 1678357950.7354996}]}, "version": 240}
{"obj": {"type": "LogStrings", "path": ["monitoring", "stdout"], "values": [{"value": "bingo have instances", "step": null, "ts": 1678357950.8814225}]}, "version": 241}
{"obj": {"type": "LogStrings", "path": ["monitoring", "stdout"], "values": [{"value": "\n", "step": null, "ts": 1678357950.8829157}]}, "version": 242}
{"obj": {"type": "LogStrings", "path": ["monitoring", "stderr"], "values": [{"value": "\rTest GOPR0384_11_00-000008:   1%|\u258f                        | 9/1111 [00:20<35:34,  1.94s/image]", "step": null, "ts": 1678357951.0916522}]}, "version": 243}
{"obj": {"type": "LogStrings", "path": ["monitoring", "stderr"], "values": [{"value": "\rTest GOPR0384_11_00-000009:   1%|\u258f                        | 9/1111 [00:20<35:34,  1.94s/image]", "step": null, "ts": 1678357951.0921223}]}, "version": 244}
{"obj": {"type": "LogStrings", "path": ["monitoring", "stderr"], "values": [{"value": "2023-03-09 17:32:32,453 INFO: [DetectionCheckpointer] Loading from https://dl.fbaipublicfiles.com/detectron2/COCO-InstanceSegmentation/mask_rcnn_R_50_FPN_3x/137849600/model_final_f10217.pkl ...\n", "step": null, "ts": 1678357952.4540448}]}, "version": 245}
{"obj": {"type": "LogStrings", "path": ["monitoring", "stderr"], "values": [{"value": "2023-03-09 17:32:32,453 INFO: [Checkpointer] Loading from /home/ailab/.torch/iopath_cache/detectron2/COCO-InstanceSegmentation/mask_rcnn_R_50_FPN_3x/137849600/model_final_f10217.pkl ...\n", "step": null, "ts": 1678357952.4549282}]}, "version": 246}
{"obj": {"type": "LogStrings", "path": ["monitoring", "stderr"], "values": [{"value": "2023-03-09 17:32:32,620 INFO: Reading a file from 'Detectron2 Model Zoo'\n", "step": null, "ts": 1678357952.6216195}]}, "version": 247}
{"obj": {"type": "LogStrings", "path": ["monitoring", "stdout"], "values": [{"value": "bingo have instances", "step": null, "ts": 1678357952.7662177}]}, "version": 248}
{"obj": {"type": "LogStrings", "path": ["monitoring", "stdout"], "values": [{"value": "\n", "step": null, "ts": 1678357952.767741}]}, "version": 249}
{"obj": {"type": "LogStrings", "path": ["monitoring", "stderr"], "values": [{"value": "\rTest GOPR0384_11_00-000009:   1%|\u258f                       | 10/1111 [00:22<34:58,  1.91s/image]", "step": null, "ts": 1678357952.9283328}]}, "version": 250}
{"obj": {"type": "LogStrings", "path": ["monitoring", "stderr"], "values": [{"value": "\rTest GOPR0384_11_00-000010:   1%|\u258f                       | 10/1111 [00:22<34:58,  1.91s/image]", "step": null, "ts": 1678357952.928752}]}, "version": 251}
{"obj": {"type": "LogStrings", "path": ["monitoring", "stderr"], "values": [{"value": "2023-03-09 17:32:34,276 INFO: [DetectionCheckpointer] Loading from https://dl.fbaipublicfiles.com/detectron2/COCO-InstanceSegmentation/mask_rcnn_R_50_FPN_3x/137849600/model_final_f10217.pkl ...\n", "step": null, "ts": 1678357954.2769885}]}, "version": 252}
{"obj": {"type": "LogStrings", "path": ["monitoring", "stderr"], "values": [{"value": "2023-03-09 17:32:34,276 INFO: [Checkpointer] Loading from /home/ailab/.torch/iopath_cache/detectron2/COCO-InstanceSegmentation/mask_rcnn_R_50_FPN_3x/137849600/model_final_f10217.pkl ...\n", "step": null, "ts": 1678357954.2777212}]}, "version": 253}
{"obj": {"type": "LogStrings", "path": ["monitoring", "stderr"], "values": [{"value": "2023-03-09 17:32:34,447 INFO: Reading a file from 'Detectron2 Model Zoo'\n", "step": null, "ts": 1678357954.449217}]}, "version": 254}
{"obj": {"type": "LogStrings", "path": ["monitoring", "stdout"], "values": [{"value": "bingo have instances", "step": null, "ts": 1678357954.5922618}]}, "version": 255}
{"obj": {"type": "LogStrings", "path": ["monitoring", "stdout"], "values": [{"value": "\n", "step": null, "ts": 1678357954.593893}]}, "version": 256}
{"obj": {"type": "LogStrings", "path": ["monitoring", "stderr"], "values": [{"value": "\rTest GOPR0384_11_00-000010:   1%|\u258f                       | 11/1111 [00:24<34:54,  1.90s/image]", "step": null, "ts": 1678357954.826256}]}, "version": 257}
{"obj": {"type": "LogStrings", "path": ["monitoring", "stderr"], "values": [{"value": "\rTest GOPR0384_11_00-000011:   1%|\u258f                       | 11/1111 [00:24<34:54,  1.90s/image]", "step": null, "ts": 1678357954.826672}]}, "version": 258}
{"obj": {"type": "LogStrings", "path": ["monitoring", "stderr"], "values": [{"value": "2023-03-09 17:32:36,179 INFO: [DetectionCheckpointer] Loading from https://dl.fbaipublicfiles.com/detectron2/COCO-InstanceSegmentation/mask_rcnn_R_50_FPN_3x/137849600/model_final_f10217.pkl ...\n", "step": null, "ts": 1678357956.180384}]}, "version": 259}
{"obj": {"type": "LogStrings", "path": ["monitoring", "stderr"], "values": [{"value": "2023-03-09 17:32:36,179 INFO: [Checkpointer] Loading from /home/ailab/.torch/iopath_cache/detectron2/COCO-InstanceSegmentation/mask_rcnn_R_50_FPN_3x/137849600/model_final_f10217.pkl ...\n", "step": null, "ts": 1678357956.181244}]}, "version": 260}
{"obj": {"type": "LogStrings", "path": ["monitoring", "stderr"], "values": [{"value": "2023-03-09 17:32:36,365 INFO: Reading a file from 'Detectron2 Model Zoo'\n", "step": null, "ts": 1678357956.3668606}]}, "version": 261}
{"obj": {"type": "LogFloats", "path": ["monitoring", "cpu"], "values": [{"value": 30.0, "step": null, "ts": 1678357956.3931525}]}, "version": 262}
{"obj": {"type": "LogFloats", "path": ["monitoring", "memory"], "values": [{"value": 7.216011047363281, "step": null, "ts": 1678357956.3931525}]}, "version": 263}
{"obj": {"type": "LogFloats", "path": ["monitoring", "gpu"], "values": [{"value": 6.0, "step": null, "ts": 1678357956.3931525}]}, "version": 264}
{"obj": {"type": "LogFloats", "path": ["monitoring", "gpu_memory"], "values": [{"value": 3.707763671875, "step": null, "ts": 1678357956.3931525}]}, "version": 265}
{"obj": {"type": "LogStrings", "path": ["monitoring", "stdout"], "values": [{"value": "bingo have instances", "step": null, "ts": 1678357956.5223415}]}, "version": 266}
{"obj": {"type": "LogStrings", "path": ["monitoring", "stdout"], "values": [{"value": "\n", "step": null, "ts": 1678357956.5238657}]}, "version": 267}
{"obj": {"type": "LogStrings", "path": ["monitoring", "stderr"], "values": [{"value": "\rTest GOPR0384_11_00-000011:   1%|\u258e                       | 12/1111 [00:26<35:00,  1.91s/image]", "step": null, "ts": 1678357956.7545931}]}, "version": 268}
{"obj": {"type": "LogStrings", "path": ["monitoring", "stderr"], "values": [{"value": "\rTest GOPR0384_11_00-000012:   1%|\u258e                       | 12/1111 [00:26<35:00,  1.91s/image]", "step": null, "ts": 1678357956.7550435}]}, "version": 269}
{"obj": {"type": "LogStrings", "path": ["monitoring", "stderr"], "values": [{"value": "2023-03-09 17:32:38,122 INFO: [DetectionCheckpointer] Loading from https://dl.fbaipublicfiles.com/detectron2/COCO-InstanceSegmentation/mask_rcnn_R_50_FPN_3x/137849600/model_final_f10217.pkl ...\n", "step": null, "ts": 1678357958.1233616}]}, "version": 270}
{"obj": {"type": "LogStrings", "path": ["monitoring", "stderr"], "values": [{"value": "2023-03-09 17:32:38,123 INFO: [Checkpointer] Loading from /home/ailab/.torch/iopath_cache/detectron2/COCO-InstanceSegmentation/mask_rcnn_R_50_FPN_3x/137849600/model_final_f10217.pkl ...\n", "step": null, "ts": 1678357958.1244378}]}, "version": 271}
{"obj": {"type": "LogStrings", "path": ["monitoring", "stderr"], "values": [{"value": "2023-03-09 17:32:38,303 INFO: Reading a file from 'Detectron2 Model Zoo'\n", "step": null, "ts": 1678357958.304908}]}, "version": 272}
{"obj": {"type": "LogStrings", "path": ["monitoring", "stdout"], "values": [{"value": "bingo have instances", "step": null, "ts": 1678357958.451812}]}, "version": 273}
{"obj": {"type": "LogStrings", "path": ["monitoring", "stdout"], "values": [{"value": "\n", "step": null, "ts": 1678357958.4535596}]}, "version": 274}
{"obj": {"type": "LogStrings", "path": ["monitoring", "stderr"], "values": [{"value": "\rTest GOPR0384_11_00-000012:   1%|\u258e                       | 13/1111 [00:27<34:58,  1.91s/image]", "step": null, "ts": 1678357958.6657114}]}, "version": 275}
{"obj": {"type": "LogStrings", "path": ["monitoring", "stderr"], "values": [{"value": "\rTest GOPR0384_11_00-000013:   1%|\u258e                       | 13/1111 [00:27<34:58,  1.91s/image]", "step": null, "ts": 1678357958.6661398}]}, "version": 276}
{"obj": {"type": "LogStrings", "path": ["monitoring", "stderr"], "values": [{"value": "2023-03-09 17:32:40,007 INFO: [DetectionCheckpointer] Loading from https://dl.fbaipublicfiles.com/detectron2/COCO-InstanceSegmentation/mask_rcnn_R_50_FPN_3x/137849600/model_final_f10217.pkl ...\n", "step": null, "ts": 1678357960.0081275}]}, "version": 277}
{"obj": {"type": "LogStrings", "path": ["monitoring", "stderr"], "values": [{"value": "2023-03-09 17:32:40,007 INFO: [Checkpointer] Loading from /home/ailab/.torch/iopath_cache/detectron2/COCO-InstanceSegmentation/mask_rcnn_R_50_FPN_3x/137849600/model_final_f10217.pkl ...\n", "step": null, "ts": 1678357960.0090506}]}, "version": 278}
{"obj": {"type": "LogStrings", "path": ["monitoring", "stderr"], "values": [{"value": "2023-03-09 17:32:40,179 INFO: Reading a file from 'Detectron2 Model Zoo'\n", "step": null, "ts": 1678357960.1812189}]}, "version": 279}
{"obj": {"type": "LogStrings", "path": ["monitoring", "stdout"], "values": [{"value": "bingo have instances", "step": null, "ts": 1678357960.3177967}]}, "version": 280}
{"obj": {"type": "LogStrings", "path": ["monitoring", "stdout"], "values": [{"value": "\n", "step": null, "ts": 1678357960.3193026}]}, "version": 281}
{"obj": {"type": "LogStrings", "path": ["monitoring", "stderr"], "values": [{"value": "\rTest GOPR0384_11_00-000013:   1%|\u258e                       | 14/1111 [00:29<34:26,  1.88s/image]", "step": null, "ts": 1678357960.4863803}]}, "version": 282}
{"obj": {"type": "LogStrings", "path": ["monitoring", "stderr"], "values": [{"value": "\rTest GOPR0384_11_00-000014:   1%|\u258e                       | 14/1111 [00:29<34:26,  1.88s/image]", "step": null, "ts": 1678357960.48678}]}, "version": 283}
{"obj": {"type": "LogStrings", "path": ["monitoring", "stderr"], "values": [{"value": "2023-03-09 17:32:41,850 INFO: [DetectionCheckpointer] Loading from https://dl.fbaipublicfiles.com/detectron2/COCO-InstanceSegmentation/mask_rcnn_R_50_FPN_3x/137849600/model_final_f10217.pkl ...\n", "step": null, "ts": 1678357961.8512964}]}, "version": 284}
{"obj": {"type": "LogStrings", "path": ["monitoring", "stderr"], "values": [{"value": "2023-03-09 17:32:41,850 INFO: [Checkpointer] Loading from /home/ailab/.torch/iopath_cache/detectron2/COCO-InstanceSegmentation/mask_rcnn_R_50_FPN_3x/137849600/model_final_f10217.pkl ...\n", "step": null, "ts": 1678357961.85187}]}, "version": 285}
{"obj": {"type": "LogStrings", "path": ["monitoring", "stderr"], "values": [{"value": "2023-03-09 17:32:42,008 INFO: Reading a file from 'Detectron2 Model Zoo'\n", "step": null, "ts": 1678357962.009543}]}, "version": 286}
{"obj": {"type": "LogStrings", "path": ["monitoring", "stdout"], "values": [{"value": "bingo have instances", "step": null, "ts": 1678357962.1499603}]}, "version": 287}
{"obj": {"type": "LogStrings", "path": ["monitoring", "stdout"], "values": [{"value": "\n", "step": null, "ts": 1678357962.1505175}]}, "version": 288}
{"obj": {"type": "LogStrings", "path": ["monitoring", "stderr"], "values": [{"value": "\rTest GOPR0384_11_00-000014:   1%|\u258e                       | 15/1111 [00:31<34:08,  1.87s/image]", "step": null, "ts": 1678357962.3219209}]}, "version": 289}
{"obj": {"type": "LogStrings", "path": ["monitoring", "stderr"], "values": [{"value": "\rTest GOPR0384_11_00-000015:   1%|\u258e                       | 15/1111 [00:31<34:08,  1.87s/image]", "step": null, "ts": 1678357962.322356}]}, "version": 290}
{"obj": {"type": "LogStrings", "path": ["monitoring", "stderr"], "values": [{"value": "2023-03-09 17:32:43,656 INFO: [DetectionCheckpointer] Loading from https://dl.fbaipublicfiles.com/detectron2/COCO-InstanceSegmentation/mask_rcnn_R_50_FPN_3x/137849600/model_final_f10217.pkl ...\n", "step": null, "ts": 1678357963.656733}]}, "version": 291}
{"obj": {"type": "LogStrings", "path": ["monitoring", "stderr"], "values": [{"value": "2023-03-09 17:32:43,656 INFO: [Checkpointer] Loading from /home/ailab/.torch/iopath_cache/detectron2/COCO-InstanceSegmentation/mask_rcnn_R_50_FPN_3x/137849600/model_final_f10217.pkl ...\n", "step": null, "ts": 1678357963.6573732}]}, "version": 292}
{"obj": {"type": "LogStrings", "path": ["monitoring", "stderr"], "values": [{"value": "2023-03-09 17:32:43,802 INFO: Reading a file from 'Detectron2 Model Zoo'\n", "step": null, "ts": 1678357963.8038242}]}, "version": 293}
{"obj": {"type": "LogStrings", "path": ["monitoring", "stdout"], "values": [{"value": "bingo have instances", "step": null, "ts": 1678357963.9479346}]}, "version": 294}
{"obj": {"type": "LogStrings", "path": ["monitoring", "stdout"], "values": [{"value": "\n", "step": null, "ts": 1678357963.9497256}]}, "version": 295}
{"obj": {"type": "LogStrings", "path": ["monitoring", "stderr"], "values": [{"value": "\rTest GOPR0384_11_00-000015:   1%|\u258e                       | 16/1111 [00:33<33:46,  1.85s/image]", "step": null, "ts": 1678357964.1286898}]}, "version": 296}
{"obj": {"type": "LogStrings", "path": ["monitoring", "stderr"], "values": [{"value": "\rTest GOPR0384_11_00-000016:   1%|\u258e                       | 16/1111 [00:33<33:46,  1.85s/image]", "step": null, "ts": 1678357964.1291108}]}, "version": 297}
{"obj": {"type": "LogStrings", "path": ["monitoring", "stderr"], "values": [{"value": "Error in sys.excepthook:\n", "step": null, "ts": 1678357965.389037}]}, "version": 298}
{"obj": {"type": "LogStrings", "path": ["monitoring", "stderr"], "values": [{"value": "Traceback (most recent call last):\n", "step": null, "ts": 1678357965.3896704}]}, "version": 299}
{"obj": {"type": "LogStrings", "path": ["monitoring", "stderr"], "values": [{"value": "  File \"/home/ailab/miniconda3/envs/py37/lib/python3.7/linecache.py\", line 47, in getlines\n", "step": null, "ts": 1678357965.390202}]}, "version": 300}
{"obj": {"type": "LogStrings", "path": ["monitoring", "stderr"], "values": [{"value": "    ", "step": null, "ts": 1678357965.3907654}]}, "version": 301}
{"obj": {"type": "LogStrings", "path": ["monitoring", "stderr"], "values": [{"value": "return updatecache(filename, module_globals)", "step": null, "ts": 1678357965.3911202}]}, "version": 302}
{"obj": {"type": "LogStrings", "path": ["monitoring", "stderr"], "values": [{"value": "\n", "step": null, "ts": 1678357965.3914685}]}, "version": 303}
{"obj": {"type": "LogStrings", "path": ["monitoring", "stderr"], "values": [{"value": "  File \"/home/ailab/miniconda3/envs/py37/lib/python3.7/linecache.py\", line 137, in updatecache\n", "step": null, "ts": 1678357965.3920248}]}, "version": 304}
{"obj": {"type": "LogStrings", "path": ["monitoring", "stderr"], "values": [{"value": "    ", "step": null, "ts": 1678357965.392623}]}, "version": 305}
{"obj": {"type": "LogStrings", "path": ["monitoring", "stderr"], "values": [{"value": "lines = fp.readlines()", "step": null, "ts": 1678357965.393038}]}, "version": 306}
{"obj": {"type": "LogStrings", "path": ["monitoring", "stderr"], "values": [{"value": "\n", "step": null, "ts": 1678357965.3934004}]}, "version": 307}
{"obj": {"type": "LogStrings", "path": ["monitoring", "stderr"], "values": [{"value": "  File \"/home/ailab/miniconda3/envs/py37/lib/python3.7/codecs.py\", line 319, in decode\n", "step": null, "ts": 1678357965.3939292}]}, "version": 308}
{"obj": {"type": "LogStrings", "path": ["monitoring", "stderr"], "values": [{"value": "    ", "step": null, "ts": 1678357965.4015667}]}, "version": 309}
{"obj": {"type": "LogStrings", "path": ["monitoring", "stderr"], "values": [{"value": "def decode(self, input, final=False):", "step": null, "ts": 1678357965.4026508}]}, "version": 310}
{"obj": {"type": "LogStrings", "path": ["monitoring", "stderr"], "values": [{"value": "\n", "step": null, "ts": 1678357965.4031262}]}, "version": 311}
{"obj": {"type": "LogStrings", "path": ["monitoring", "stderr"], "values": [{"value": "KeyboardInterrupt", "step": null, "ts": 1678357965.4034994}]}, "version": 312}
{"obj": {"type": "LogStrings", "path": ["monitoring", "stderr"], "values": [{"value": "", "step": null, "ts": 1678357965.4037569}]}, "version": 313}
{"obj": {"type": "LogStrings", "path": ["monitoring", "stderr"], "values": [{"value": "\n", "step": null, "ts": 1678357965.4040918}]}, "version": 314}
{"obj": {"type": "LogStrings", "path": ["monitoring", "stderr"], "values": [{"value": "\nOriginal exception was:\n", "step": null, "ts": 1678357965.40457}]}, "version": 315}
{"obj": {"type": "LogStrings", "path": ["monitoring", "stderr"], "values": [{"value": "Traceback (most recent call last):\n", "step": null, "ts": 1678357965.4050136}]}, "version": 316}
{"obj": {"type": "LogStrings", "path": ["monitoring", "stderr"], "values": [{"value": "  File \"basicsr/train.py\", line 340, in <module>\n", "step": null, "ts": 1678357965.405473}]}, "version": 317}
{"obj": {"type": "LogStrings", "path": ["monitoring", "stderr"], "values": [{"value": "    ", "step": null, "ts": 1678357965.406948}]}, "version": 318}
{"obj": {"type": "LogStrings", "path": ["monitoring", "stderr"], "values": [{"value": "main()", "step": null, "ts": 1678357965.4074836}]}, "version": 319}
{"obj": {"type": "LogStrings", "path": ["monitoring", "stderr"], "values": [{"value": "\n", "step": null, "ts": 1678357965.407881}]}, "version": 320}
{"obj": {"type": "LogStrings", "path": ["monitoring", "stderr"], "values": [{"value": "  File \"basicsr/train.py\", line 301, in main\n", "step": null, "ts": 1678357965.4083164}]}, "version": 321}
{"obj": {"type": "LogStrings", "path": ["monitoring", "stderr"], "values": [{"value": "    ", "step": null, "ts": 1678357965.4090233}]}, "version": 322}
{"obj": {"type": "LogStrings", "path": ["monitoring", "stderr"], "values": [{"value": "opt['val']['save_img'], rgb2bgr, use_image )", "step": null, "ts": 1678357965.4094734}]}, "version": 323}
{"obj": {"type": "LogStrings", "path": ["monitoring", "stderr"], "values": [{"value": "\n", "step": null, "ts": 1678357965.4098897}]}, "version": 324}
{"obj": {"type": "LogStrings", "path": ["monitoring", "stderr"], "values": [{"value": "  File \"/workspace/ailab/NAFNet/basicsr/models/base_model.py\", line 55, in validation\n", "step": null, "ts": 1678357965.41038}]}, "version": 325}
{"obj": {"type": "LogStrings", "path": ["monitoring", "stderr"], "values": [{"value": "    ", "step": null, "ts": 1678357965.4110522}]}, "version": 326}
{"obj": {"type": "LogStrings", "path": ["monitoring", "stderr"], "values": [{"value": "return self.dist_validation(dataloader, current_iter, tb_logger, save_img, rgb2bgr, use_image)", "step": null, "ts": 1678357965.4114776}]}, "version": 327}
{"obj": {"type": "LogStrings", "path": ["monitoring", "stderr"], "values": [{"value": "\n", "step": null, "ts": 1678357965.4119399}]}, "version": 328}
{"obj": {"type": "LogStrings", "path": ["monitoring", "stderr"], "values": [{"value": "  File \"/workspace/ailab/NAFNet/basicsr/models/image_restoration_model.py\", line 282, in dist_validation\n", "step": null, "ts": 1678357965.4124413}]}, "version": 329}
{"obj": {"type": "LogStrings", "path": ["monitoring", "stderr"], "values": [{"value": "    ", "step": null, "ts": 1678357965.4137933}]}, "version": 330}
{"obj": {"type": "LogStrings", "path": ["monitoring", "stderr"], "values": [{"value": "self.test()", "step": null, "ts": 1678357965.4144707}]}, "version": 331}
{"obj": {"type": "LogStrings", "path": ["monitoring", "stderr"], "values": [{"value": "\n", "step": null, "ts": 1678357965.4149072}]}, "version": 332}
{"obj": {"type": "LogStrings", "path": ["monitoring", "stderr"], "values": [{"value": "  File \"/workspace/ailab/NAFNet/basicsr/models/image_restoration_model.py\", line 248, in test\n", "step": null, "ts": 1678357965.4154298}]}, "version": 333}
{"obj": {"type": "LogStrings", "path": ["monitoring", "stderr"], "values": [{"value": "    ", "step": null, "ts": 1678357965.4160519}]}, "version": 334}
{"obj": {"type": "LogStrings", "path": ["monitoring", "stderr"], "values": [{"value": "pred = self.net_g(self.lq[i:j])", "step": null, "ts": 1678357965.4164853}]}, "version": 335}
{"obj": {"type": "LogStrings", "path": ["monitoring", "stderr"], "values": [{"value": "\n", "step": null, "ts": 1678357965.4169424}]}, "version": 336}
{"obj": {"type": "LogStrings", "path": ["monitoring", "stderr"], "values": [{"value": "  File \"/home/ailab/miniconda3/envs/py37/lib/python3.7/site-packages/torch/nn/modules/module.py\", line 1130, in _call_impl\n", "step": null, "ts": 1678357965.4174657}]}, "version": 337}
{"obj": {"type": "LogStrings", "path": ["monitoring", "stderr"], "values": [{"value": "    ", "step": null, "ts": 1678357965.4188251}]}, "version": 338}
{"obj": {"type": "LogStrings", "path": ["monitoring", "stderr"], "values": [{"value": "return forward_call(*input, **kwargs)", "step": null, "ts": 1678357965.4196606}]}, "version": 339}
{"obj": {"type": "LogStrings", "path": ["monitoring", "stderr"], "values": [{"value": "\n", "step": null, "ts": 1678357965.4200876}]}, "version": 340}
{"obj": {"type": "LogStrings", "path": ["monitoring", "stderr"], "values": [{"value": "  File \"/home/ailab/miniconda3/envs/py37/lib/python3.7/site-packages/torch/nn/parallel/distributed.py\", line 1008, in forward\n", "step": null, "ts": 1678357965.4206412}]}, "version": 341}
{"obj": {"type": "LogStrings", "path": ["monitoring", "stderr"], "values": [{"value": "    ", "step": null, "ts": 1678357965.4225044}]}, "version": 342}
{"obj": {"type": "LogStrings", "path": ["monitoring", "stderr"], "values": [{"value": "output = self._run_ddp_forward(*inputs, **kwargs)", "step": null, "ts": 1678357965.4230797}]}, "version": 343}
{"obj": {"type": "LogStrings", "path": ["monitoring", "stderr"], "values": [{"value": "\n", "step": null, "ts": 1678357965.423613}]}, "version": 344}
{"obj": {"type": "LogStrings", "path": ["monitoring", "stderr"], "values": [{"value": "  File \"/home/ailab/miniconda3/envs/py37/lib/python3.7/site-packages/torch/nn/parallel/distributed.py\", line 969, in _run_ddp_forward\n", "step": null, "ts": 1678357965.424537}]}, "version": 345}
{"obj": {"type": "LogStrings", "path": ["monitoring", "stderr"], "values": [{"value": "    ", "step": null, "ts": 1678357965.4250062}]}, "version": 346}
{"obj": {"type": "LogStrings", "path": ["monitoring", "stderr"], "values": [{"value": "return module_to_run(*inputs[0], **kwargs[0])", "step": null, "ts": 1678357965.4254134}]}, "version": 347}
{"obj": {"type": "LogStrings", "path": ["monitoring", "stderr"], "values": [{"value": "\n", "step": null, "ts": 1678357965.4258294}]}, "version": 348}
{"obj": {"type": "LogStrings", "path": ["monitoring", "stderr"], "values": [{"value": "  File \"/home/ailab/miniconda3/envs/py37/lib/python3.7/site-packages/torch/nn/modules/module.py\", line 1130, in _call_impl\n", "step": null, "ts": 1678357965.42681}]}, "version": 349}
{"obj": {"type": "LogStrings", "path": ["monitoring", "stderr"], "values": [{"value": "    ", "step": null, "ts": 1678357965.427259}]}, "version": 350}
{"obj": {"type": "LogStrings", "path": ["monitoring", "stderr"], "values": [{"value": "return forward_call(*input, **kwargs)", "step": null, "ts": 1678357965.4276693}]}, "version": 351}
{"obj": {"type": "LogStrings", "path": ["monitoring", "stderr"], "values": [{"value": "\n", "step": null, "ts": 1678357965.4281945}]}, "version": 352}
{"obj": {"type": "LogStrings", "path": ["monitoring", "stderr"], "values": [{"value": "  File \"/workspace/ailab/NAFNet/basicsr/models/archs/NAFNet_arch.py\", line 160, in forward\n", "step": null, "ts": 1678357965.4288862}]}, "version": 353}
{"obj": {"type": "LogStrings", "path": ["monitoring", "stderr"], "values": [{"value": "    ", "step": null, "ts": 1678357965.429301}]}, "version": 354}
{"obj": {"type": "LogStrings", "path": ["monitoring", "stderr"], "values": [{"value": "x_segment_mask = detectron_infer(inp)", "step": null, "ts": 1678357965.4296894}]}, "version": 355}
{"obj": {"type": "LogStrings", "path": ["monitoring", "stderr"], "values": [{"value": "\n", "step": null, "ts": 1678357965.430086}]}, "version": 356}
{"obj": {"type": "LogStrings", "path": ["monitoring", "stderr"], "values": [{"value": "  File \"/workspace/ailab/NAFNet/basicsr/models/archs/NAFNet_arch.py\", line 201, in detectron_infer\n", "step": null, "ts": 1678357965.430747}]}, "version": 357}
{"obj": {"type": "LogStrings", "path": ["monitoring", "stderr"], "values": [{"value": "    ", "step": null, "ts": 1678357965.4313033}]}, "version": 358}
{"obj": {"type": "LogStrings", "path": ["monitoring", "stderr"], "values": [{"value": "predictor = BatchPredictor(cfg)", "step": null, "ts": 1678357965.4316957}]}, "version": 359}
{"obj": {"type": "LogStrings", "path": ["monitoring", "stderr"], "values": [{"value": "\n", "step": null, "ts": 1678357965.432135}]}, "version": 360}
{"obj": {"type": "LogStrings", "path": ["monitoring", "stderr"], "values": [{"value": "  File \"/workspace/ailab/segmentation_repo/detectron2/detectron2/engine/defaults.py\", line 333, in __init__\n", "step": null, "ts": 1678357965.432988}]}, "version": 361}
{"obj": {"type": "LogStrings", "path": ["monitoring", "stderr"], "values": [{"value": "    ", "step": null, "ts": 1678357965.4334111}]}, "version": 362}
{"obj": {"type": "LogStrings", "path": ["monitoring", "stderr"], "values": [{"value": "self.model = build_model(self.cfg)", "step": null, "ts": 1678357965.4338095}]}, "version": 363}
{"obj": {"type": "LogStrings", "path": ["monitoring", "stderr"], "values": [{"value": "\n", "step": null, "ts": 1678357965.434211}]}, "version": 364}
{"obj": {"type": "LogStrings", "path": ["monitoring", "stderr"], "values": [{"value": "  File \"/workspace/ailab/segmentation_repo/detectron2/detectron2/modeling/meta_arch/build.py\", line 22, in build_model\n", "step": null, "ts": 1678357965.4349449}]}, "version": 365}
{"obj": {"type": "LogStrings", "path": ["monitoring", "stderr"], "values": [{"value": "    ", "step": null, "ts": 1678357965.435343}]}, "version": 366}
{"obj": {"type": "LogStrings", "path": ["monitoring", "stderr"], "values": [{"value": "model = META_ARCH_REGISTRY.get(meta_arch)(cfg)", "step": null, "ts": 1678357965.442447}]}, "version": 367}
{"obj": {"type": "LogStrings", "path": ["monitoring", "stderr"], "values": [{"value": "\n", "step": null, "ts": 1678357965.4435225}]}, "version": 368}
{"obj": {"type": "LogStrings", "path": ["monitoring", "stderr"], "values": [{"value": "  File \"/workspace/ailab/segmentation_repo/detectron2/detectron2/config/config.py\", line 189, in wrapped\n", "step": null, "ts": 1678357965.4445348}]}, "version": 369}
{"obj": {"type": "LogStrings", "path": ["monitoring", "stderr"], "values": [{"value": "    ", "step": null, "ts": 1678357965.4459226}]}, "version": 370}
{"obj": {"type": "LogStrings", "path": ["monitoring", "stderr"], "values": [{"value": "explicit_args = _get_args_from_config(from_config_func, *args, **kwargs)", "step": null, "ts": 1678357965.447071}]}, "version": 371}
{"obj": {"type": "LogStrings", "path": ["monitoring", "stderr"], "values": [{"value": "\n", "step": null, "ts": 1678357965.448256}]}, "version": 372}
{"obj": {"type": "LogStrings", "path": ["monitoring", "stderr"], "values": [{"value": "  File \"/workspace/ailab/segmentation_repo/detectron2/detectron2/config/config.py\", line 245, in _get_args_from_config\n", "step": null, "ts": 1678357965.4492884}]}, "version": 373}
{"obj": {"type": "LogStrings", "path": ["monitoring", "stderr"], "values": [{"value": "    ", "step": null, "ts": 1678357965.449543}]}, "version": 374}
{"obj": {"type": "LogStrings", "path": ["monitoring", "stderr"], "values": [{"value": "ret = from_config_func(*args, **kwargs)", "step": null, "ts": 1678357965.4504583}]}, "version": 375}
{"obj": {"type": "LogStrings", "path": ["monitoring", "stderr"], "values": [{"value": "\n", "step": null, "ts": 1678357965.451373}]}, "version": 376}
{"obj": {"type": "LogStrings", "path": ["monitoring", "stderr"], "values": [{"value": "  File \"/workspace/ailab/segmentation_repo/detectron2/detectron2/modeling/meta_arch/rcnn.py\", line 77, in from_config\n", "step": null, "ts": 1678357965.4524136}]}, "version": 377}
{"obj": {"type": "LogStrings", "path": ["monitoring", "stderr"], "values": [{"value": "    ", "step": null, "ts": 1678357965.4532795}]}, "version": 378}
{"obj": {"type": "LogStrings", "path": ["monitoring", "stderr"], "values": [{"value": "\"roi_heads\": build_roi_heads(cfg, backbone.output_shape()),", "step": null, "ts": 1678357965.4542396}]}, "version": 379}
{"obj": {"type": "LogStrings", "path": ["monitoring", "stderr"], "values": [{"value": "\n", "step": null, "ts": 1678357965.4548316}]}, "version": 380}
{"obj": {"type": "LogStrings", "path": ["monitoring", "stderr"], "values": [{"value": "  File \"/workspace/ailab/segmentation_repo/detectron2/detectron2/modeling/roi_heads/roi_heads.py\", line 43, in build_roi_heads\n", "step": null, "ts": 1678357965.4557526}]}, "version": 381}
{"obj": {"type": "LogStrings", "path": ["monitoring", "stderr"], "values": [{"value": "    ", "step": null, "ts": 1678357965.464735}]}, "version": 382}
{"obj": {"type": "LogStrings", "path": ["monitoring", "stderr"], "values": [{"value": "return ROI_HEADS_REGISTRY.get(name)(cfg, input_shape)", "step": null, "ts": 1678357965.4662938}]}, "version": 383}
{"obj": {"type": "LogStrings", "path": ["monitoring", "stdout"], "values": [{"value": "Shutting down background jobs, please wait a moment...\n", "step": null, "ts": 1678357965.4669898}]}, "version": 384}
{"obj": {"type": "LogStrings", "path": ["monitoring", "stderr"], "values": [{"value": "\n", "step": null, "ts": 1678357965.4672918}]}, "version": 385}
{"obj": {"type": "LogStrings", "path": ["monitoring", "stderr"], "values": [{"value": "  File \"/workspace/ailab/segmentation_repo/detectron2/detectron2/config/config.py\", line 189, in wrapped\n", "step": null, "ts": 1678357965.4676094}]}, "version": 386}
{"obj": {"type": "LogStrings", "path": ["monitoring", "stderr"], "values": [{"value": "    ", "step": null, "ts": 1678357965.46784}]}, "version": 387}
{"obj": {"type": "LogStrings", "path": ["monitoring", "stderr"], "values": [{"value": "explicit_args = _get_args_from_config(from_config_func, *args, **kwargs)", "step": null, "ts": 1678357965.4680526}]}, "version": 388}
{"obj": {"type": "LogStrings", "path": ["monitoring", "stderr"], "values": [{"value": "\n", "step": null, "ts": 1678357965.4682574}]}, "version": 389}
{"obj": {"type": "LogStrings", "path": ["monitoring", "stderr"], "values": [{"value": "  File \"/workspace/ailab/segmentation_repo/detectron2/detectron2/config/config.py\", line 245, in _get_args_from_config\n", "step": null, "ts": 1678357965.4684813}]}, "version": 390}
{"obj": {"type": "LogStrings", "path": ["monitoring", "stderr"], "values": [{"value": "    ", "step": null, "ts": 1678357965.4686992}]}, "version": 391}
{"obj": {"type": "LogStrings", "path": ["monitoring", "stderr"], "values": [{"value": "ret = from_config_func(*args, **kwargs)", "step": null, "ts": 1678357965.468897}]}, "version": 392}
{"obj": {"type": "LogStrings", "path": ["monitoring", "stderr"], "values": [{"value": "\n", "step": null, "ts": 1678357965.4690926}]}, "version": 393}
{"obj": {"type": "LogStrings", "path": ["monitoring", "stderr"], "values": [{"value": "  File \"/workspace/ailab/segmentation_repo/detectron2/detectron2/modeling/roi_heads/roi_heads.py\", line 612, in from_config\n", "step": null, "ts": 1678357965.4692895}]}, "version": 394}
{"obj": {"type": "LogStrings", "path": ["monitoring", "stderr"], "values": [{"value": "    ", "step": null, "ts": 1678357965.4694874}]}, "version": 395}
{"obj": {"type": "LogStrings", "path": ["monitoring", "stderr"], "values": [{"value": "ret.update(cls._init_mask_head(cfg, input_shape))", "step": null, "ts": 1678357965.469684}]}, "version": 396}
{"obj": {"type": "LogStrings", "path": ["monitoring", "stderr"], "values": [{"value": "\n", "step": null, "ts": 1678357965.4698772}]}, "version": 397}
{"obj": {"type": "LogStrings", "path": ["monitoring", "stderr"], "values": [{"value": "  File \"/workspace/ailab/segmentation_repo/detectron2/detectron2/modeling/roi_heads/roi_heads.py\", line 685, in _init_mask_head\n", "step": null, "ts": 1678357965.4700658}]}, "version": 398}
{"obj": {"type": "LogStrings", "path": ["monitoring", "stderr"], "values": [{"value": "    ", "step": null, "ts": 1678357965.4702537}]}, "version": 399}
{"obj": {"type": "LogStrings", "path": ["monitoring", "stderr"], "values": [{"value": "ret[\"mask_head\"] = build_mask_head(cfg, shape)", "step": null, "ts": 1678357965.470444}]}, "version": 400}
{"obj": {"type": "LogStrings", "path": ["monitoring", "stderr"], "values": [{"value": "\n", "step": null, "ts": 1678357965.4707825}]}, "version": 401}
{"obj": {"type": "LogStrings", "path": ["monitoring", "stderr"], "values": [{"value": "  File \"/workspace/ailab/segmentation_repo/detectron2/detectron2/modeling/roi_heads/mask_head.py\", line 298, in build_mask_head\n", "step": null, "ts": 1678357965.4710357}]}, "version": 402}
{"obj": {"type": "LogStrings", "path": ["monitoring", "stderr"], "values": [{"value": "    ", "step": null, "ts": 1678357965.4712336}]}, "version": 403}
{"obj": {"type": "LogStrings", "path": ["monitoring", "stderr"], "values": [{"value": "return ROI_MASK_HEAD_REGISTRY.get(name)(cfg, input_shape)", "step": null, "ts": 1678357965.47143}]}, "version": 404}
{"obj": {"type": "LogStrings", "path": ["monitoring", "stderr"], "values": [{"value": "\n", "step": null, "ts": 1678357965.4716241}]}, "version": 405}
{"obj": {"type": "LogStrings", "path": ["monitoring", "stderr"], "values": [{"value": "  File \"/workspace/ailab/segmentation_repo/detectron2/detectron2/config/config.py\", line 190, in wrapped\n", "step": null, "ts": 1678357965.4718134}]}, "version": 406}
{"obj": {"type": "LogStrings", "path": ["monitoring", "stderr"], "values": [{"value": "    ", "step": null, "ts": 1678357965.4720092}]}, "version": 407}
{"obj": {"type": "LogStrings", "path": ["monitoring", "stderr"], "values": [{"value": "init_func(self, **explicit_args)", "step": null, "ts": 1678357965.4722018}]}, "version": 408}
{"obj": {"type": "LogStrings", "path": ["monitoring", "stderr"], "values": [{"value": "\n", "step": null, "ts": 1678357965.472389}]}, "version": 409}
{"obj": {"type": "LogStrings", "path": ["monitoring", "stderr"], "values": [{"value": "  File \"/workspace/ailab/segmentation_repo/detectron2/detectron2/modeling/roi_heads/mask_head.py\", line 250, in __init__\n", "step": null, "ts": 1678357965.472593}]}, "version": 410}
{"obj": {"type": "LogStrings", "path": ["monitoring", "stderr"], "values": [{"value": "    ", "step": null, "ts": 1678357965.4727888}]}, "version": 411}
{"obj": {"type": "LogStrings", "path": ["monitoring", "stderr"], "values": [{"value": "activation=nn.ReLU(),", "step": null, "ts": 1678357965.4729767}]}, "version": 412}
